2026-02-07 07:11:47.731827: W tensorflow/stream_executor/platform/default/dso_loader.cc:60] Could not load dynamic library 'libcudart.so.11.0'; dlerror: libcudart.so.11.0: cannot open shared object file: No such file or directory; LD_LIBRARY_PATH: /usr/local/musa/lib:
2026-02-07 07:11:47.732159: I tensorflow/stream_executor/cuda/cudart_stub.cc:29] Ignore above cudart dlerror if you do not have a GPU set up on your machine.

>>>> [MUSA] SUCCESS: MUSA Factory Object Registered via Global Constructor! <<<<
>>>> [MUSA] SUCCESS: MUSA Optimization Passes Activated! <<<<

[MUSA AMP] Optimizer module loaded (Supports FP16/BF16)
>>>> [MUSA] DeviceFactory detected 8 physical devices <<<<
2026-02-07 07:11:49.291932: I tensorflow/compiler/jit/xla_cpu_device.cc:41] Not creating XLA devices, tf_xla_enable_xla_devices not set
2026-02-07 07:11:49.292060: W tensorflow/stream_executor/platform/default/dso_loader.cc:60] Could not load dynamic library 'libcuda.so.1'; dlerror: libcuda.so.1: cannot open shared object file: No such file or directory; LD_LIBRARY_PATH: /usr/local/musa/lib:
2026-02-07 07:11:49.292069: W tensorflow/stream_executor/cuda/cuda_driver.cc:326] failed call to cuInit: UNKNOWN ERROR (303)
2026-02-07 07:11:49.292085: I tensorflow/stream_executor/cuda/cuda_diagnostics.cc:156] kernel driver does not appear to be running on this host (worker31066): /proc/driver/nvidia/version does not exist
2026-02-07 07:11:49.292346: I tensorflow/core/platform/cpu_feature_guard.cc:142] This TensorFlow binary is optimized with oneAPI Deep Neural Network Library (oneDNN) to use the following CPU instructions in performance-critical operations:  AVX512F
To enable them in other operations, rebuild TensorFlow with the appropriate compiler flags.
>>>> [MUSA] DeviceFactory creating 8 logical instances <<<<
>>> [MUSA] Device 0 correctly initialized.
>>>> [MUSA] Logical Device /device:MUSA:0 created. <<<<
>>> [MUSA] Device 1 correctly initialized.
>>>> [MUSA] Logical Device /device:MUSA:1 created. <<<<
>>> [MUSA] Device 2 correctly initialized.
>>>> [MUSA] Logical Device /device:MUSA:2 created. <<<<
>>> [MUSA] Device 3 correctly initialized.
>>>> [MUSA] Logical Device /device:MUSA:3 created. <<<<
>>> [MUSA] Device 4 correctly initialized.
>>>> [MUSA] Logical Device /device:MUSA:4 created. <<<<
>>> [MUSA] Device 5 correctly initialized.
>>>> [MUSA] Logical Device /device:MUSA:5 created. <<<<
>>> [MUSA] Device 6 correctly initialized.
>>>> [MUSA] Logical Device /device:MUSA:6 created. <<<<
>>> [MUSA] Device 7 correctly initialized.
>>>> [MUSA] Logical Device /device:MUSA:7 created. <<<<
2026-02-07 07:11:49.834366: I tensorflow/compiler/jit/xla_gpu_device.cc:99] Not creating XLA devices, tf_xla_enable_xla_devices not set
2026-02-07 07:11:49.840905: I tensorflow/core/common_runtime/eager/execute.cc:760] Executing op RandomUniformInt in device /job:localhost/replica:0/task:0/device:MUSA:0
>>> [MUSA_TRACE_AUTO] RandomUniformInt - Start
>>> [MUSA_TRACE_AUTO] RandomUniformInt - Success (int32)
2026-02-07 07:11:49.841333: I tensorflow/core/common_runtime/eager/execute.cc:760] Executing op RandomStandardNormal in device /job:localhost/replica:0/task:0/device:MUSA:0
>>> [MUSA_TRACE_AUTO] RandomStandardNormal - Start
>>> [MUSA_TRACE_AUTO] RandomStandardNormal - Success (float)
2026-02-07 07:11:49.841509: I tensorflow/core/common_runtime/eager/execute.cc:760] Executing op Mul in device /job:localhost/replica:0/task:0/device:MUSA:0
2026-02-07 07:11:51.264302: I tensorflow/core/common_runtime/eager/execute.cc:760] Executing op Add in device /job:localhost/replica:0/task:0/device:MUSA:0
2026-02-07 07:11:51.265829: I tensorflow/core/common_runtime/eager/execute.cc:760] Executing op StridedSlice in device /job:localhost/replica:0/task:0/device:MUSA:0
2026-02-07 07:11:52.855248: I tensorflow/core/common_runtime/eager/execute.cc:760] Executing op RandomUniform in device /job:localhost/replica:0/task:0/device:MUSA:0
>>> [MUSA_TRACE_AUTO] RandomUniform - Start
>>> [MUSA_TRACE_AUTO] RandomUniform - Success (float)
2026-02-07 07:11:52.855543: I tensorflow/core/common_runtime/eager/execute.cc:760] Executing op Sub in device /job:localhost/replica:0/task:0/device:MUSA:0
2026-02-07 07:11:52.855759: I tensorflow/core/common_runtime/eager/execute.cc:760] Executing op Mul in device /job:localhost/replica:0/task:0/device:MUSA:0
2026-02-07 07:11:52.855844: I tensorflow/core/common_runtime/eager/execute.cc:760] Executing op Add in device /job:localhost/replica:0/task:0/device:MUSA:0
2026-02-07 07:11:52.856071: I tensorflow/core/common_runtime/eager/execute.cc:760] Executing op VarHandleOp in device /job:localhost/replica:0/task:0/device:MUSA:0
2026-02-07 07:11:52.856227: I tensorflow/core/common_runtime/eager/execute.cc:760] Executing op AssignVariableOp in device /job:localhost/replica:0/task:0/device:MUSA:0
2026-02-07 07:11:52.857660: I tensorflow/core/common_runtime/eager/execute.cc:760] Executing op ResourceGather in device /job:localhost/replica:0/task:0/device:MUSA:0
2026-02-07 07:11:52.857701: I /workspace/tensorflow_musa/tensorflow_musa/kernels/musa_resourcegather_op.cc:26] >>>>> [MUSA_DEBUG] ResourceGather: Enter Compute. batch_dims=0
2026-02-07 07:11:52.857717: I /workspace/tensorflow_musa/tensorflow_musa/kernels/musa_resourcegather_op.cc:41] >>>>> [MUSA_DEBUG] ResourceGather: Params Shape=[100,16], Indices Shape=[4]
2026-02-07 07:11:52.857724: I /workspace/tensorflow_musa/tensorflow_musa/kernels/musa_resourcegather_op.cc:55] >>>>> [MUSA_DEBUG] ResourceGather: Calculated Output Shape=[4,16]
2026-02-07 07:11:52.857740: I /workspace/tensorflow_musa/tensorflow_musa/kernels/musa_resourcegather_op.cc:66] >>>>> [MUSA_DEBUG] ResourceGather: Output Allocated. Ptr=0x16ff95f0, NumElements=64
2026-02-07 07:11:52.857746: I /workspace/tensorflow_musa/tensorflow_musa/kernels/musa_resourcegather_op.cc:79] >>>>> [MUSA_DEBUG] ResourceGather: Invoking mGatherX...
2026-02-07 07:11:55.044401: I /workspace/tensorflow_musa/tensorflow_musa/kernels/musa_resourcegather_op.cc:94] >>>>> [MUSA_DEBUG] ResourceGather: mGatherX Success.
2026-02-07 07:11:55.044912: I tensorflow/core/common_runtime/eager/execute.cc:760] Executing op Identity in device /job:localhost/replica:0/task:0/device:MUSA:0
2026-02-07 07:11:55.044993: I tensorflow/core/common_runtime/eager/execute.cc:760] Executing op Identity in device /job:localhost/replica:0/task:0/device:MUSA:0
2026-02-07 07:11:55.045324: I tensorflow/core/common_runtime/eager/execute.cc:760] Executing op StridedSlice in device /job:localhost/replica:0/task:0/device:MUSA:0
2026-02-07 07:11:55.045835: I tensorflow/core/common_runtime/eager/execute.cc:760] Executing op RandomUniform in device /job:localhost/replica:0/task:0/device:MUSA:0
>>> [MUSA_TRACE_AUTO] RandomUniform - Start
>>> [MUSA_TRACE_AUTO] RandomUniform - Success (float)
2026-02-07 07:11:55.045991: I tensorflow/core/common_runtime/eager/execute.cc:760] Executing op Sub in device /job:localhost/replica:0/task:0/device:MUSA:0
2026-02-07 07:11:55.046041: I tensorflow/core/common_runtime/eager/execute.cc:760] Executing op Mul in device /job:localhost/replica:0/task:0/device:MUSA:0
2026-02-07 07:11:55.046104: I tensorflow/core/common_runtime/eager/execute.cc:760] Executing op Add in device /job:localhost/replica:0/task:0/device:MUSA:0
2026-02-07 07:11:55.046280: I tensorflow/core/common_runtime/eager/execute.cc:760] Executing op VarHandleOp in device /job:localhost/replica:0/task:0/device:MUSA:0
2026-02-07 07:11:55.046368: I tensorflow/core/common_runtime/eager/execute.cc:760] Executing op AssignVariableOp in device /job:localhost/replica:0/task:0/device:MUSA:0
2026-02-07 07:11:55.046650: I tensorflow/core/common_runtime/eager/execute.cc:760] Executing op ResourceGather in device /job:localhost/replica:0/task:0/device:MUSA:0
2026-02-07 07:11:55.046661: I /workspace/tensorflow_musa/tensorflow_musa/kernels/musa_resourcegather_op.cc:26] >>>>> [MUSA_DEBUG] ResourceGather: Enter Compute. batch_dims=0
2026-02-07 07:11:55.046669: I /workspace/tensorflow_musa/tensorflow_musa/kernels/musa_resourcegather_op.cc:41] >>>>> [MUSA_DEBUG] ResourceGather: Params Shape=[200,16], Indices Shape=[4]
2026-02-07 07:11:55.046675: I /workspace/tensorflow_musa/tensorflow_musa/kernels/musa_resourcegather_op.cc:55] >>>>> [MUSA_DEBUG] ResourceGather: Calculated Output Shape=[4,16]
2026-02-07 07:11:55.046697: I /workspace/tensorflow_musa/tensorflow_musa/kernels/musa_resourcegather_op.cc:66] >>>>> [MUSA_DEBUG] ResourceGather: Output Allocated. Ptr=0x18d46440, NumElements=64
2026-02-07 07:11:55.046702: I /workspace/tensorflow_musa/tensorflow_musa/kernels/musa_resourcegather_op.cc:79] >>>>> [MUSA_DEBUG] ResourceGather: Invoking mGatherX...
2026-02-07 07:11:55.046721: I /workspace/tensorflow_musa/tensorflow_musa/kernels/musa_resourcegather_op.cc:94] >>>>> [MUSA_DEBUG] ResourceGather: mGatherX Success.
2026-02-07 07:11:55.046746: I tensorflow/core/common_runtime/eager/execute.cc:760] Executing op Identity in device /job:localhost/replica:0/task:0/device:MUSA:0
2026-02-07 07:11:55.046766: I tensorflow/core/common_runtime/eager/execute.cc:760] Executing op Identity in device /job:localhost/replica:0/task:0/device:MUSA:0
2026-02-07 07:11:55.046903: I tensorflow/core/common_runtime/eager/execute.cc:760] Executing op StridedSlice in device /job:localhost/replica:0/task:0/device:MUSA:0
2026-02-07 07:11:55.047220: I tensorflow/core/common_runtime/eager/execute.cc:760] Executing op RandomUniform in device /job:localhost/replica:0/task:0/device:MUSA:0
>>> [MUSA_TRACE_AUTO] RandomUniform - Start
>>> [MUSA_TRACE_AUTO] RandomUniform - Success (float)
2026-02-07 07:11:55.047339: I tensorflow/core/common_runtime/eager/execute.cc:760] Executing op Sub in device /job:localhost/replica:0/task:0/device:MUSA:0
2026-02-07 07:11:55.047372: I tensorflow/core/common_runtime/eager/execute.cc:760] Executing op Mul in device /job:localhost/replica:0/task:0/device:MUSA:0
2026-02-07 07:11:55.047474: I tensorflow/core/common_runtime/eager/execute.cc:760] Executing op Add in device /job:localhost/replica:0/task:0/device:MUSA:0
2026-02-07 07:11:55.047623: I tensorflow/core/common_runtime/eager/execute.cc:760] Executing op VarHandleOp in device /job:localhost/replica:0/task:0/device:MUSA:0
2026-02-07 07:11:55.047681: I tensorflow/core/common_runtime/eager/execute.cc:760] Executing op AssignVariableOp in device /job:localhost/replica:0/task:0/device:MUSA:0
2026-02-07 07:11:55.047883: I tensorflow/core/common_runtime/eager/execute.cc:760] Executing op ResourceGather in device /job:localhost/replica:0/task:0/device:MUSA:0
2026-02-07 07:11:55.047892: I /workspace/tensorflow_musa/tensorflow_musa/kernels/musa_resourcegather_op.cc:26] >>>>> [MUSA_DEBUG] ResourceGather: Enter Compute. batch_dims=0
2026-02-07 07:11:55.047899: I /workspace/tensorflow_musa/tensorflow_musa/kernels/musa_resourcegather_op.cc:41] >>>>> [MUSA_DEBUG] ResourceGather: Params Shape=[300,16], Indices Shape=[4]
2026-02-07 07:11:55.047904: I /workspace/tensorflow_musa/tensorflow_musa/kernels/musa_resourcegather_op.cc:55] >>>>> [MUSA_DEBUG] ResourceGather: Calculated Output Shape=[4,16]
2026-02-07 07:11:55.047913: I /workspace/tensorflow_musa/tensorflow_musa/kernels/musa_resourcegather_op.cc:66] >>>>> [MUSA_DEBUG] ResourceGather: Output Allocated. Ptr=0x2e050830, NumElements=64
2026-02-07 07:11:55.047918: I /workspace/tensorflow_musa/tensorflow_musa/kernels/musa_resourcegather_op.cc:79] >>>>> [MUSA_DEBUG] ResourceGather: Invoking mGatherX...
2026-02-07 07:11:55.047932: I /workspace/tensorflow_musa/tensorflow_musa/kernels/musa_resourcegather_op.cc:94] >>>>> [MUSA_DEBUG] ResourceGather: mGatherX Success.
2026-02-07 07:11:55.047956: I tensorflow/core/common_runtime/eager/execute.cc:760] Executing op Identity in device /job:localhost/replica:0/task:0/device:MUSA:0
2026-02-07 07:11:55.047976: I tensorflow/core/common_runtime/eager/execute.cc:760] Executing op Identity in device /job:localhost/replica:0/task:0/device:MUSA:0
2026-02-07 07:11:55.048093: I tensorflow/core/common_runtime/eager/execute.cc:760] Executing op StridedSlice in device /job:localhost/replica:0/task:0/device:MUSA:0
2026-02-07 07:11:55.048378: I tensorflow/core/common_runtime/eager/execute.cc:760] Executing op RandomUniform in device /job:localhost/replica:0/task:0/device:MUSA:0
>>> [MUSA_TRACE_AUTO] RandomUniform - Start
>>> [MUSA_TRACE_AUTO] RandomUniform - Success (float)
2026-02-07 07:11:55.048515: I tensorflow/core/common_runtime/eager/execute.cc:760] Executing op Sub in device /job:localhost/replica:0/task:0/device:MUSA:0
2026-02-07 07:11:55.048545: I tensorflow/core/common_runtime/eager/execute.cc:760] Executing op Mul in device /job:localhost/replica:0/task:0/device:MUSA:0
2026-02-07 07:11:55.048598: I tensorflow/core/common_runtime/eager/execute.cc:760] Executing op Add in device /job:localhost/replica:0/task:0/device:MUSA:0
2026-02-07 07:11:55.048740: I tensorflow/core/common_runtime/eager/execute.cc:760] Executing op VarHandleOp in device /job:localhost/replica:0/task:0/device:MUSA:0
2026-02-07 07:11:55.048799: I tensorflow/core/common_runtime/eager/execute.cc:760] Executing op AssignVariableOp in device /job:localhost/replica:0/task:0/device:MUSA:0
2026-02-07 07:11:55.048989: I tensorflow/core/common_runtime/eager/execute.cc:760] Executing op ResourceGather in device /job:localhost/replica:0/task:0/device:MUSA:0
2026-02-07 07:11:55.048998: I /workspace/tensorflow_musa/tensorflow_musa/kernels/musa_resourcegather_op.cc:26] >>>>> [MUSA_DEBUG] ResourceGather: Enter Compute. batch_dims=0
2026-02-07 07:11:55.049005: I /workspace/tensorflow_musa/tensorflow_musa/kernels/musa_resourcegather_op.cc:41] >>>>> [MUSA_DEBUG] ResourceGather: Params Shape=[400,16], Indices Shape=[4]
2026-02-07 07:11:55.049010: I /workspace/tensorflow_musa/tensorflow_musa/kernels/musa_resourcegather_op.cc:55] >>>>> [MUSA_DEBUG] ResourceGather: Calculated Output Shape=[4,16]
2026-02-07 07:11:55.049019: I /workspace/tensorflow_musa/tensorflow_musa/kernels/musa_resourcegather_op.cc:66] >>>>> [MUSA_DEBUG] ResourceGather: Output Allocated. Ptr=0x2e052ac0, NumElements=64
2026-02-07 07:11:55.049024: I /workspace/tensorflow_musa/tensorflow_musa/kernels/musa_resourcegather_op.cc:79] >>>>> [MUSA_DEBUG] ResourceGather: Invoking mGatherX...
2026-02-07 07:11:55.049037: I /workspace/tensorflow_musa/tensorflow_musa/kernels/musa_resourcegather_op.cc:94] >>>>> [MUSA_DEBUG] ResourceGather: mGatherX Success.
2026-02-07 07:11:55.049059: I tensorflow/core/common_runtime/eager/execute.cc:760] Executing op Identity in device /job:localhost/replica:0/task:0/device:MUSA:0
2026-02-07 07:11:55.049077: I tensorflow/core/common_runtime/eager/execute.cc:760] Executing op Identity in device /job:localhost/replica:0/task:0/device:MUSA:0
2026-02-07 07:11:55.049219: I tensorflow/core/common_runtime/eager/execute.cc:760] Executing op Pack in device /job:localhost/replica:0/task:0/device:MUSA:0
2026-02-07 07:11:55.049853: I tensorflow/core/common_runtime/eager/execute.cc:760] Executing op RandomUniform in device /job:localhost/replica:0/task:0/device:MUSA:0
>>> [MUSA_TRACE_AUTO] RandomUniform - Start
>>> [MUSA_TRACE_AUTO] RandomUniform - Success (float)
2026-02-07 07:11:55.049969: I tensorflow/core/common_runtime/eager/execute.cc:760] Executing op Sub in device /job:localhost/replica:0/task:0/device:MUSA:0
2026-02-07 07:11:55.050004: I tensorflow/core/common_runtime/eager/execute.cc:760] Executing op Mul in device /job:localhost/replica:0/task:0/device:MUSA:0
2026-02-07 07:11:55.050056: I tensorflow/core/common_runtime/eager/execute.cc:760] Executing op Add in device /job:localhost/replica:0/task:0/device:MUSA:0
2026-02-07 07:11:55.050202: I tensorflow/core/common_runtime/eager/execute.cc:760] Executing op VarHandleOp in device /job:localhost/replica:0/task:0/device:MUSA:0
2026-02-07 07:11:55.050262: I tensorflow/core/common_runtime/eager/execute.cc:760] Executing op AssignVariableOp in device /job:localhost/replica:0/task:0/device:MUSA:0
2026-02-07 07:11:55.050506: I tensorflow/core/common_runtime/eager/execute.cc:760] Executing op ReadVariableOp in device /job:localhost/replica:0/task:0/device:MUSA:0
>>>>> [MUSA_READ_LOG] 1. Enter Compute for Node: ReadVariableOp
>>>>> [MUSA_READ_LOG] 2. Handle Name: _AnonymousVar4, Device: /job:localhost/replica:0/task:0/device:MUSA:0
>>>>> [MUSA_READ_LOG] 5. Tensor Ready. DType: float, Shape: [5,80]
>>>>> [MUSA_READ_LOG] 6. set_output(0) SUCCESS. Done.
2026-02-07 07:11:55.050626: I tensorflow/core/common_runtime/eager/execute.cc:760] Executing op MatMul in device /job:localhost/replica:0/task:0/device:MUSA:0
2026-02-07 07:11:55.667596: I tensorflow/core/common_runtime/eager/execute.cc:760] Executing op Reshape in device /job:localhost/replica:0/task:0/device:MUSA:0
2026-02-07 07:11:55.667926: I tensorflow/core/common_runtime/eager/execute.cc:760] Executing op ConcatV2 in device /job:localhost/replica:0/task:0/device:MUSA:0
2026-02-07 07:11:55.668490: I tensorflow/core/common_runtime/eager/execute.cc:760] Executing op StridedSlice in device /job:localhost/replica:0/task:0/device:MUSA:0
2026-02-07 07:11:55.668730: I tensorflow/core/common_runtime/eager/execute.cc:760] Executing op ResourceGather in device /job:localhost/replica:0/task:0/device:MUSA:0
2026-02-07 07:11:55.668743: I /workspace/tensorflow_musa/tensorflow_musa/kernels/musa_resourcegather_op.cc:26] >>>>> [MUSA_DEBUG] ResourceGather: Enter Compute. batch_dims=0
2026-02-07 07:11:55.668756: I /workspace/tensorflow_musa/tensorflow_musa/kernels/musa_resourcegather_op.cc:41] >>>>> [MUSA_DEBUG] ResourceGather: Params Shape=[100,16], Indices Shape=[4]
2026-02-07 07:11:55.668762: I /workspace/tensorflow_musa/tensorflow_musa/kernels/musa_resourcegather_op.cc:55] >>>>> [MUSA_DEBUG] ResourceGather: Calculated Output Shape=[4,16]
2026-02-07 07:11:55.668771: I /workspace/tensorflow_musa/tensorflow_musa/kernels/musa_resourcegather_op.cc:66] >>>>> [MUSA_DEBUG] ResourceGather: Output Allocated. Ptr=0x2e1f0380, NumElements=64
2026-02-07 07:11:55.668776: I /workspace/tensorflow_musa/tensorflow_musa/kernels/musa_resourcegather_op.cc:79] >>>>> [MUSA_DEBUG] ResourceGather: Invoking mGatherX...
2026-02-07 07:11:55.668793: I /workspace/tensorflow_musa/tensorflow_musa/kernels/musa_resourcegather_op.cc:94] >>>>> [MUSA_DEBUG] ResourceGather: mGatherX Success.
2026-02-07 07:11:55.669112: I tensorflow/core/common_runtime/eager/execute.cc:760] Executing op Identity in device /job:localhost/replica:0/task:0/device:MUSA:0
2026-02-07 07:11:55.669142: I tensorflow/core/common_runtime/eager/execute.cc:760] Executing op Identity in device /job:localhost/replica:0/task:0/device:MUSA:0
2026-02-07 07:11:55.669235: I tensorflow/core/common_runtime/eager/execute.cc:760] Executing op StridedSlice in device /job:localhost/replica:0/task:0/device:MUSA:0
2026-02-07 07:11:55.669385: I tensorflow/core/common_runtime/eager/execute.cc:760] Executing op ResourceGather in device /job:localhost/replica:0/task:0/device:MUSA:0
2026-02-07 07:11:55.669393: I /workspace/tensorflow_musa/tensorflow_musa/kernels/musa_resourcegather_op.cc:26] >>>>> [MUSA_DEBUG] ResourceGather: Enter Compute. batch_dims=0
2026-02-07 07:11:55.669400: I /workspace/tensorflow_musa/tensorflow_musa/kernels/musa_resourcegather_op.cc:41] >>>>> [MUSA_DEBUG] ResourceGather: Params Shape=[200,16], Indices Shape=[4]
2026-02-07 07:11:55.669405: I /workspace/tensorflow_musa/tensorflow_musa/kernels/musa_resourcegather_op.cc:55] >>>>> [MUSA_DEBUG] ResourceGather: Calculated Output Shape=[4,16]
2026-02-07 07:11:55.669413: I /workspace/tensorflow_musa/tensorflow_musa/kernels/musa_resourcegather_op.cc:66] >>>>> [MUSA_DEBUG] ResourceGather: Output Allocated. Ptr=0x3091b0f0, NumElements=64
2026-02-07 07:11:55.669417: I /workspace/tensorflow_musa/tensorflow_musa/kernels/musa_resourcegather_op.cc:79] >>>>> [MUSA_DEBUG] ResourceGather: Invoking mGatherX...
2026-02-07 07:11:55.669429: I /workspace/tensorflow_musa/tensorflow_musa/kernels/musa_resourcegather_op.cc:94] >>>>> [MUSA_DEBUG] ResourceGather: mGatherX Success.
2026-02-07 07:11:55.669453: I tensorflow/core/common_runtime/eager/execute.cc:760] Executing op Identity in device /job:localhost/replica:0/task:0/device:MUSA:0
2026-02-07 07:11:55.669473: I tensorflow/core/common_runtime/eager/execute.cc:760] Executing op Identity in device /job:localhost/replica:0/task:0/device:MUSA:0
2026-02-07 07:11:55.669554: I tensorflow/core/common_runtime/eager/execute.cc:760] Executing op StridedSlice in device /job:localhost/replica:0/task:0/device:MUSA:0
2026-02-07 07:11:55.669697: I tensorflow/core/common_runtime/eager/execute.cc:760] Executing op ResourceGather in device /job:localhost/replica:0/task:0/device:MUSA:0
2026-02-07 07:11:55.669704: I /workspace/tensorflow_musa/tensorflow_musa/kernels/musa_resourcegather_op.cc:26] >>>>> [MUSA_DEBUG] ResourceGather: Enter Compute. batch_dims=0
2026-02-07 07:11:55.669710: I /workspace/tensorflow_musa/tensorflow_musa/kernels/musa_resourcegather_op.cc:41] >>>>> [MUSA_DEBUG] ResourceGather: Params Shape=[300,16], Indices Shape=[4]
2026-02-07 07:11:55.669715: I /workspace/tensorflow_musa/tensorflow_musa/kernels/musa_resourcegather_op.cc:55] >>>>> [MUSA_DEBUG] ResourceGather: Calculated Output Shape=[4,16]
2026-02-07 07:11:55.669722: I /workspace/tensorflow_musa/tensorflow_musa/kernels/musa_resourcegather_op.cc:66] >>>>> [MUSA_DEBUG] ResourceGather: Output Allocated. Ptr=0x30946d20, NumElements=64
2026-02-07 07:11:55.669726: I /workspace/tensorflow_musa/tensorflow_musa/kernels/musa_resourcegather_op.cc:79] >>>>> [MUSA_DEBUG] ResourceGather: Invoking mGatherX...
2026-02-07 07:11:55.669737: I /workspace/tensorflow_musa/tensorflow_musa/kernels/musa_resourcegather_op.cc:94] >>>>> [MUSA_DEBUG] ResourceGather: mGatherX Success.
2026-02-07 07:11:55.669758: I tensorflow/core/common_runtime/eager/execute.cc:760] Executing op Identity in device /job:localhost/replica:0/task:0/device:MUSA:0
2026-02-07 07:11:55.669778: I tensorflow/core/common_runtime/eager/execute.cc:760] Executing op Identity in device /job:localhost/replica:0/task:0/device:MUSA:0
2026-02-07 07:11:55.669849: I tensorflow/core/common_runtime/eager/execute.cc:760] Executing op StridedSlice in device /job:localhost/replica:0/task:0/device:MUSA:0
2026-02-07 07:11:55.669976: I tensorflow/core/common_runtime/eager/execute.cc:760] Executing op ResourceGather in device /job:localhost/replica:0/task:0/device:MUSA:0
2026-02-07 07:11:55.669983: I /workspace/tensorflow_musa/tensorflow_musa/kernels/musa_resourcegather_op.cc:26] >>>>> [MUSA_DEBUG] ResourceGather: Enter Compute. batch_dims=0
2026-02-07 07:11:55.669989: I /workspace/tensorflow_musa/tensorflow_musa/kernels/musa_resourcegather_op.cc:41] >>>>> [MUSA_DEBUG] ResourceGather: Params Shape=[400,16], Indices Shape=[4]
2026-02-07 07:11:55.669994: I /workspace/tensorflow_musa/tensorflow_musa/kernels/musa_resourcegather_op.cc:55] >>>>> [MUSA_DEBUG] ResourceGather: Calculated Output Shape=[4,16]
2026-02-07 07:11:55.670000: I /workspace/tensorflow_musa/tensorflow_musa/kernels/musa_resourcegather_op.cc:66] >>>>> [MUSA_DEBUG] ResourceGather: Output Allocated. Ptr=0x3091bea0, NumElements=64
2026-02-07 07:11:55.670005: I /workspace/tensorflow_musa/tensorflow_musa/kernels/musa_resourcegather_op.cc:79] >>>>> [MUSA_DEBUG] ResourceGather: Invoking mGatherX...
2026-02-07 07:11:55.670014: I /workspace/tensorflow_musa/tensorflow_musa/kernels/musa_resourcegather_op.cc:94] >>>>> [MUSA_DEBUG] ResourceGather: mGatherX Success.
2026-02-07 07:11:55.670037: I tensorflow/core/common_runtime/eager/execute.cc:760] Executing op Identity in device /job:localhost/replica:0/task:0/device:MUSA:0
2026-02-07 07:11:55.670057: I tensorflow/core/common_runtime/eager/execute.cc:760] Executing op Identity in device /job:localhost/replica:0/task:0/device:MUSA:0
2026-02-07 07:11:55.670091: I tensorflow/core/common_runtime/eager/execute.cc:760] Executing op Pack in device /job:localhost/replica:0/task:0/device:MUSA:0
2026-02-07 07:11:55.670253: I tensorflow/core/common_runtime/eager/execute.cc:760] Executing op ReadVariableOp in device /job:localhost/replica:0/task:0/device:MUSA:0
>>>>> [MUSA_READ_LOG] 1. Enter Compute for Node: ReadVariableOp
>>>>> [MUSA_READ_LOG] 2. Handle Name: _AnonymousVar4, Device: /job:localhost/replica:0/task:0/device:MUSA:0
>>>>> [MUSA_READ_LOG] 5. Tensor Ready. DType: float, Shape: [5,80]
>>>>> [MUSA_READ_LOG] 6. set_output(0) SUCCESS. Done.
2026-02-07 07:11:55.670297: I tensorflow/core/common_runtime/eager/execute.cc:760] Executing op MatMul in device /job:localhost/replica:0/task:0/device:MUSA:0
2026-02-07 07:11:55.670411: I tensorflow/core/common_runtime/eager/execute.cc:760] Executing op Reshape in device /job:localhost/replica:0/task:0/device:MUSA:0
2026-02-07 07:11:55.670474: I tensorflow/core/common_runtime/eager/execute.cc:760] Executing op ConcatV2 in device /job:localhost/replica:0/task:0/device:MUSA:0
2026-02-07 07:11:55.670688: I tensorflow/core/common_runtime/eager/execute.cc:760] Executing op Sum in device /job:localhost/replica:0/task:0/device:MUSA:0
2026-02-07 07:11:59.920881: I tensorflow/core/common_runtime/eager/execute.cc:760] Executing op Reshape in device /job:localhost/replica:0/task:0/device:MUSA:0
2026-02-07 07:11:59.921139: I tensorflow/core/common_runtime/eager/execute.cc:760] Executing op Tile in device /job:localhost/replica:0/task:0/device:MUSA:0
2026-02-07 07:11:59.921851: I tensorflow/core/common_runtime/eager/execute.cc:760] Executing op SplitV in device /job:localhost/replica:0/task:0/device:MUSA:0
2026-02-07 07:11:59.922225: I tensorflow/core/common_runtime/eager/execute.cc:760] Executing op Unpack in device /job:localhost/replica:0/task:0/device:MUSA:0
2026-02-07 07:11:59.922429: I tensorflow/core/common_runtime/eager/execute.cc:760] Executing op Shape in device /job:localhost/replica:0/task:0/device:MUSA:0
2026-02-07 07:11:59.922451: I tensorflow/core/common_runtime/eager/execute.cc:760] Executing op Reshape in device /job:localhost/replica:0/task:0/device:MUSA:0
2026-02-07 07:11:59.922641: I tensorflow/core/common_runtime/eager/execute.cc:760] Executing op MatMul in device /job:localhost/replica:0/task:0/device:MUSA:0
2026-02-07 07:11:59.923281: I tensorflow/core/common_runtime/eager/execute.cc:760] Executing op ExpandDims in device /job:localhost/replica:0/task:0/device:MUSA:0
2026-02-07 07:11:59.923548: I tensorflow/core/common_runtime/eager/execute.cc:760] Executing op StridedSlice in device /job:localhost/replica:0/task:0/device:MUSA:0
2026-02-07 07:11:59.923670: I tensorflow/core/common_runtime/eager/execute.cc:760] Executing op ConcatV2 in device /job:localhost/replica:0/task:0/device:MUSA:0
2026-02-07 07:11:59.923907: I tensorflow/core/common_runtime/eager/execute.cc:760] Executing op Reshape in device /job:localhost/replica:0/task:0/device:MUSA:0
2026-02-07 07:11:59.923985: I tensorflow/core/common_runtime/eager/execute.cc:760] Executing op Reshape in device /job:localhost/replica:0/task:0/device:MUSA:0
2026-02-07 07:11:59.924499: I tensorflow/core/common_runtime/eager/execute.cc:760] Executing op ExpandDims in device /job:localhost/replica:0/task:0/device:MUSA:0
2026-02-07 07:11:59.924664: I tensorflow/core/common_runtime/eager/execute.cc:760] Executing op StridedSlice in device /job:localhost/replica:0/task:0/device:MUSA:0
2026-02-07 07:11:59.924746: I tensorflow/core/common_runtime/eager/execute.cc:760] Executing op ConcatV2 in device /job:localhost/replica:0/task:0/device:MUSA:0
2026-02-07 07:11:59.924843: I tensorflow/core/common_runtime/eager/execute.cc:760] Executing op Reshape in device /job:localhost/replica:0/task:0/device:MUSA:0
2026-02-07 07:11:59.924917: I tensorflow/core/common_runtime/eager/execute.cc:760] Executing op Reshape in device /job:localhost/replica:0/task:0/device:MUSA:0
2026-02-07 07:11:59.925090: I tensorflow/core/common_runtime/eager/execute.cc:760] Executing op ExpandDims in device /job:localhost/replica:0/task:0/device:MUSA:0
2026-02-07 07:11:59.925232: I tensorflow/core/common_runtime/eager/execute.cc:760] Executing op StridedSlice in device /job:localhost/replica:0/task:0/device:MUSA:0
2026-02-07 07:11:59.925308: I tensorflow/core/common_runtime/eager/execute.cc:760] Executing op ConcatV2 in device /job:localhost/replica:0/task:0/device:MUSA:0
2026-02-07 07:11:59.925398: I tensorflow/core/common_runtime/eager/execute.cc:760] Executing op Reshape in device /job:localhost/replica:0/task:0/device:MUSA:0
2026-02-07 07:11:59.925467: I tensorflow/core/common_runtime/eager/execute.cc:760] Executing op Reshape in device /job:localhost/replica:0/task:0/device:MUSA:0
2026-02-07 07:11:59.925622: I tensorflow/core/common_runtime/eager/execute.cc:760] Executing op ExpandDims in device /job:localhost/replica:0/task:0/device:MUSA:0
2026-02-07 07:11:59.925771: I tensorflow/core/common_runtime/eager/execute.cc:760] Executing op StridedSlice in device /job:localhost/replica:0/task:0/device:MUSA:0
2026-02-07 07:11:59.925846: I tensorflow/core/common_runtime/eager/execute.cc:760] Executing op ConcatV2 in device /job:localhost/replica:0/task:0/device:MUSA:0
2026-02-07 07:11:59.925936: I tensorflow/core/common_runtime/eager/execute.cc:760] Executing op Reshape in device /job:localhost/replica:0/task:0/device:MUSA:0
2026-02-07 07:11:59.926007: I tensorflow/core/common_runtime/eager/execute.cc:760] Executing op Reshape in device /job:localhost/replica:0/task:0/device:MUSA:0
2026-02-07 07:11:59.926919: I tensorflow/core/common_runtime/eager/execute.cc:760] Executing op StridedSlice in device /job:localhost/replica:0/task:0/device:MUSA:0
2026-02-07 07:11:59.927246: I tensorflow/core/common_runtime/eager/execute.cc:760] Executing op ResourceGather in device /job:localhost/replica:0/task:0/device:MUSA:0
2026-02-07 07:11:59.927259: I /workspace/tensorflow_musa/tensorflow_musa/kernels/musa_resourcegather_op.cc:26] >>>>> [MUSA_DEBUG] ResourceGather: Enter Compute. batch_dims=0
2026-02-07 07:11:59.927272: I /workspace/tensorflow_musa/tensorflow_musa/kernels/musa_resourcegather_op.cc:41] >>>>> [MUSA_DEBUG] ResourceGather: Params Shape=[100,16], Indices Shape=[4]
2026-02-07 07:11:59.927278: I /workspace/tensorflow_musa/tensorflow_musa/kernels/musa_resourcegather_op.cc:55] >>>>> [MUSA_DEBUG] ResourceGather: Calculated Output Shape=[4,16]
2026-02-07 07:11:59.927287: I /workspace/tensorflow_musa/tensorflow_musa/kernels/musa_resourcegather_op.cc:66] >>>>> [MUSA_DEBUG] ResourceGather: Output Allocated. Ptr=0x3b288d30, NumElements=64
2026-02-07 07:11:59.927293: I /workspace/tensorflow_musa/tensorflow_musa/kernels/musa_resourcegather_op.cc:79] >>>>> [MUSA_DEBUG] ResourceGather: Invoking mGatherX...
2026-02-07 07:11:59.927313: I /workspace/tensorflow_musa/tensorflow_musa/kernels/musa_resourcegather_op.cc:94] >>>>> [MUSA_DEBUG] ResourceGather: mGatherX Success.
2026-02-07 07:11:59.927344: I tensorflow/core/common_runtime/eager/execute.cc:760] Executing op Identity in device /job:localhost/replica:0/task:0/device:MUSA:0
2026-02-07 07:11:59.927371: I tensorflow/core/common_runtime/eager/execute.cc:760] Executing op Identity in device /job:localhost/replica:0/task:0/device:MUSA:0
2026-02-07 07:11:59.927463: I tensorflow/core/common_runtime/eager/execute.cc:760] Executing op StridedSlice in device /job:localhost/replica:0/task:0/device:MUSA:0
2026-02-07 07:11:59.927597: I tensorflow/core/common_runtime/eager/execute.cc:760] Executing op ResourceGather in device /job:localhost/replica:0/task:0/device:MUSA:0
2026-02-07 07:11:59.927604: I /workspace/tensorflow_musa/tensorflow_musa/kernels/musa_resourcegather_op.cc:26] >>>>> [MUSA_DEBUG] ResourceGather: Enter Compute. batch_dims=0
2026-02-07 07:11:59.927611: I /workspace/tensorflow_musa/tensorflow_musa/kernels/musa_resourcegather_op.cc:41] >>>>> [MUSA_DEBUG] ResourceGather: Params Shape=[200,16], Indices Shape=[4]
2026-02-07 07:11:59.927616: I /workspace/tensorflow_musa/tensorflow_musa/kernels/musa_resourcegather_op.cc:55] >>>>> [MUSA_DEBUG] ResourceGather: Calculated Output Shape=[4,16]
2026-02-07 07:11:59.927623: I /workspace/tensorflow_musa/tensorflow_musa/kernels/musa_resourcegather_op.cc:66] >>>>> [MUSA_DEBUG] ResourceGather: Output Allocated. Ptr=0x3b865730, NumElements=64
2026-02-07 07:11:59.927627: I /workspace/tensorflow_musa/tensorflow_musa/kernels/musa_resourcegather_op.cc:79] >>>>> [MUSA_DEBUG] ResourceGather: Invoking mGatherX...
2026-02-07 07:11:59.927637: I /workspace/tensorflow_musa/tensorflow_musa/kernels/musa_resourcegather_op.cc:94] >>>>> [MUSA_DEBUG] ResourceGather: mGatherX Success.
2026-02-07 07:11:59.927656: I tensorflow/core/common_runtime/eager/execute.cc:760] Executing op Identity in device /job:localhost/replica:0/task:0/device:MUSA:0
2026-02-07 07:11:59.927673: I tensorflow/core/common_runtime/eager/execute.cc:760] Executing op Identity in device /job:localhost/replica:0/task:0/device:MUSA:0
2026-02-07 07:11:59.927767: I tensorflow/core/common_runtime/eager/execute.cc:760] Executing op StridedSlice in device /job:localhost/replica:0/task:0/device:MUSA:0
2026-02-07 07:11:59.927890: I tensorflow/core/common_runtime/eager/execute.cc:760] Executing op ResourceGather in device /job:localhost/replica:0/task:0/device:MUSA:0
2026-02-07 07:11:59.927897: I /workspace/tensorflow_musa/tensorflow_musa/kernels/musa_resourcegather_op.cc:26] >>>>> [MUSA_DEBUG] ResourceGather: Enter Compute. batch_dims=0
2026-02-07 07:11:59.927903: I /workspace/tensorflow_musa/tensorflow_musa/kernels/musa_resourcegather_op.cc:41] >>>>> [MUSA_DEBUG] ResourceGather: Params Shape=[300,16], Indices Shape=[4]
2026-02-07 07:11:59.927907: I /workspace/tensorflow_musa/tensorflow_musa/kernels/musa_resourcegather_op.cc:55] >>>>> [MUSA_DEBUG] ResourceGather: Calculated Output Shape=[4,16]
2026-02-07 07:11:59.927914: I /workspace/tensorflow_musa/tensorflow_musa/kernels/musa_resourcegather_op.cc:66] >>>>> [MUSA_DEBUG] ResourceGather: Output Allocated. Ptr=0x2e052750, NumElements=64
2026-02-07 07:11:59.927919: I /workspace/tensorflow_musa/tensorflow_musa/kernels/musa_resourcegather_op.cc:79] >>>>> [MUSA_DEBUG] ResourceGather: Invoking mGatherX...
2026-02-07 07:11:59.927928: I /workspace/tensorflow_musa/tensorflow_musa/kernels/musa_resourcegather_op.cc:94] >>>>> [MUSA_DEBUG] ResourceGather: mGatherX Success.
2026-02-07 07:11:59.927945: I tensorflow/core/common_runtime/eager/execute.cc:760] Executing op Identity in device /job:localhost/replica:0/task:0/device:MUSA:0
2026-02-07 07:11:59.927961: I tensorflow/core/common_runtime/eager/execute.cc:760] Executing op Identity in device /job:localhost/replica:0/task:0/device:MUSA:0
2026-02-07 07:11:59.928029: I tensorflow/core/common_runtime/eager/execute.cc:760] Executing op StridedSlice in device /job:localhost/replica:0/task:0/device:MUSA:0
2026-02-07 07:11:59.928148: I tensorflow/core/common_runtime/eager/execute.cc:760] Executing op ResourceGather in device /job:localhost/replica:0/task:0/device:MUSA:0
2026-02-07 07:11:59.928154: I /workspace/tensorflow_musa/tensorflow_musa/kernels/musa_resourcegather_op.cc:26] >>>>> [MUSA_DEBUG] ResourceGather: Enter Compute. batch_dims=0
2026-02-07 07:11:59.928160: I /workspace/tensorflow_musa/tensorflow_musa/kernels/musa_resourcegather_op.cc:41] >>>>> [MUSA_DEBUG] ResourceGather: Params Shape=[400,16], Indices Shape=[4]
2026-02-07 07:11:59.928165: I /workspace/tensorflow_musa/tensorflow_musa/kernels/musa_resourcegather_op.cc:55] >>>>> [MUSA_DEBUG] ResourceGather: Calculated Output Shape=[4,16]
2026-02-07 07:11:59.928171: I /workspace/tensorflow_musa/tensorflow_musa/kernels/musa_resourcegather_op.cc:66] >>>>> [MUSA_DEBUG] ResourceGather: Output Allocated. Ptr=0x30954a80, NumElements=64
2026-02-07 07:11:59.928175: I /workspace/tensorflow_musa/tensorflow_musa/kernels/musa_resourcegather_op.cc:79] >>>>> [MUSA_DEBUG] ResourceGather: Invoking mGatherX...
2026-02-07 07:11:59.928185: I /workspace/tensorflow_musa/tensorflow_musa/kernels/musa_resourcegather_op.cc:94] >>>>> [MUSA_DEBUG] ResourceGather: mGatherX Success.
2026-02-07 07:11:59.928202: I tensorflow/core/common_runtime/eager/execute.cc:760] Executing op Identity in device /job:localhost/replica:0/task:0/device:MUSA:0
2026-02-07 07:11:59.928218: I tensorflow/core/common_runtime/eager/execute.cc:760] Executing op Identity in device /job:localhost/replica:0/task:0/device:MUSA:0
2026-02-07 07:11:59.928254: I tensorflow/core/common_runtime/eager/execute.cc:760] Executing op Pack in device /job:localhost/replica:0/task:0/device:MUSA:0
2026-02-07 07:11:59.928623: I tensorflow/core/common_runtime/eager/execute.cc:760] Executing op DestroyResourceOp in device /job:localhost/replica:0/task:0/device:MUSA:0
2026-02-07 07:11:59.928687: I tensorflow/core/common_runtime/eager/execute.cc:760] Executing op DestroyResourceOp in device /job:localhost/replica:0/task:0/device:MUSA:0
2026-02-07 07:11:59.928720: I tensorflow/core/common_runtime/eager/execute.cc:760] Executing op DestroyResourceOp in device /job:localhost/replica:0/task:0/device:MUSA:0
2026-02-07 07:11:59.928756: I tensorflow/core/common_runtime/eager/execute.cc:760] Executing op DestroyResourceOp in device /job:localhost/replica:0/task:0/device:MUSA:0
2026-02-07 07:11:59.928808: I tensorflow/core/common_runtime/eager/execute.cc:760] Executing op DestroyResourceOp in device /job:localhost/replica:0/task:0/device:MUSA:0
>>>> SUCCESS: MUSA plugin loaded. <<<<
å¼€å§‹æµ‹è¯•åŽŸç‰ˆ Embedding æ¨¡åž‹...

[æµ‹è¯• 1] éªŒè¯å‰å‘ä¼ æ’­å½¢çŠ¶...
   è¾“å‡ºå½¢çŠ¶: (4, 9, 16)
   âœ… å½¢çŠ¶æ ¡éªŒé€šè¿‡ã€‚

[æµ‹è¯• 2] éªŒè¯æ¢¯åº¦è®¡ç®— (Backward)...
   âœ… æ‰€æœ‰å‚æ•°æ¢¯åº¦è®¡ç®—æ­£å¸¸ã€‚

[æµ‹è¯• 3] éªŒè¯å­ç»„ä»¶ SparseEmbedding è¾“å‡º...
   Sparse å­æ¨¡å—è¾“å‡ºå½¢çŠ¶: (4, 4, 16) âœ…

==============================
ðŸŽ‰ æ‰€æœ‰æµ‹è¯•é¡¹å‡å·²é€šè¿‡ï¼æ¨¡åž‹åœ¨å½“å‰çŽ¯å¢ƒä¸‹è¿è¡Œç¨³å®šã€‚
