2026-02-07 07:14:23.586255: W tensorflow/stream_executor/platform/default/dso_loader.cc:60] Could not load dynamic library 'libcudart.so.11.0'; dlerror: libcudart.so.11.0: cannot open shared object file: No such file or directory; LD_LIBRARY_PATH: /usr/local/musa/lib:
2026-02-07 07:14:23.586617: I tensorflow/stream_executor/cuda/cudart_stub.cc:29] Ignore above cudart dlerror if you do not have a GPU set up on your machine.

>>>> [MUSA] SUCCESS: MUSA Factory Object Registered via Global Constructor! <<<<
>>>> [MUSA] SUCCESS: MUSA Optimization Passes Activated! <<<<

[MUSA AMP] Optimizer module loaded (Supports FP16/BF16)
>>>> [MUSA] DeviceFactory detected 8 physical devices <<<<
2026-02-07 07:14:25.135078: I tensorflow/compiler/jit/xla_cpu_device.cc:41] Not creating XLA devices, tf_xla_enable_xla_devices not set
2026-02-07 07:14:25.135292: W tensorflow/stream_executor/platform/default/dso_loader.cc:60] Could not load dynamic library 'libcuda.so.1'; dlerror: libcuda.so.1: cannot open shared object file: No such file or directory; LD_LIBRARY_PATH: /usr/local/musa/lib:
2026-02-07 07:14:25.135303: W tensorflow/stream_executor/cuda/cuda_driver.cc:326] failed call to cuInit: UNKNOWN ERROR (303)
2026-02-07 07:14:25.135319: I tensorflow/stream_executor/cuda/cuda_diagnostics.cc:156] kernel driver does not appear to be running on this host (worker31066): /proc/driver/nvidia/version does not exist
2026-02-07 07:14:25.135841: I tensorflow/core/platform/cpu_feature_guard.cc:142] This TensorFlow binary is optimized with oneAPI Deep Neural Network Library (oneDNN) to use the following CPU instructions in performance-critical operations:  AVX512F
To enable them in other operations, rebuild TensorFlow with the appropriate compiler flags.
>>>> [MUSA] DeviceFactory creating 8 logical instances <<<<
>>> [MUSA] Device 0 correctly initialized.
>>>> [MUSA] Logical Device /device:MUSA:0 created. <<<<
>>> [MUSA] Device 1 correctly initialized.
>>>> [MUSA] Logical Device /device:MUSA:1 created. <<<<
>>> [MUSA] Device 2 correctly initialized.
>>>> [MUSA] Logical Device /device:MUSA:2 created. <<<<
>>> [MUSA] Device 3 correctly initialized.
>>>> [MUSA] Logical Device /device:MUSA:3 created. <<<<
>>> [MUSA] Device 4 correctly initialized.
>>>> [MUSA] Logical Device /device:MUSA:4 created. <<<<
>>> [MUSA] Device 5 correctly initialized.
>>>> [MUSA] Logical Device /device:MUSA:5 created. <<<<
>>> [MUSA] Device 6 correctly initialized.
>>>> [MUSA] Logical Device /device:MUSA:6 created. <<<<
>>> [MUSA] Device 7 correctly initialized.
>>>> [MUSA] Logical Device /device:MUSA:7 created. <<<<
2026-02-07 07:14:25.674042: I tensorflow/compiler/jit/xla_gpu_device.cc:99] Not creating XLA devices, tf_xla_enable_xla_devices not set
2026-02-07 07:14:25.681071: I tensorflow/core/common_runtime/eager/execute.cc:760] Executing op VarHandleOp in device /job:localhost/replica:0/task:0/device:MUSA:0
2026-02-07 07:14:25.681664: I tensorflow/core/common_runtime/eager/execute.cc:760] Executing op AssignVariableOp in device /job:localhost/replica:0/task:0/device:MUSA:0
2026-02-07 07:14:25.682087: I tensorflow/core/common_runtime/eager/execute.cc:760] Executing op VarHandleOp in device /job:localhost/replica:0/task:0/device:MUSA:0
2026-02-07 07:14:25.682146: I tensorflow/core/common_runtime/eager/execute.cc:760] Executing op AssignVariableOp in device /job:localhost/replica:0/task:0/device:MUSA:0
2026-02-07 07:14:25.682262: I tensorflow/core/common_runtime/eager/execute.cc:760] Executing op VarHandleOp in device /job:localhost/replica:0/task:0/device:MUSA:0
2026-02-07 07:14:25.682296: I tensorflow/core/common_runtime/eager/execute.cc:760] Executing op AssignVariableOp in device /job:localhost/replica:0/task:0/device:MUSA:0
2026-02-07 07:14:25.683990: I tensorflow/core/common_runtime/eager/execute.cc:760] Executing op RandomStandardNormal in device /job:localhost/replica:0/task:0/device:MUSA:0
>>> [MUSA_TRACE_AUTO] RandomStandardNormal - Start
>>> [MUSA_TRACE_AUTO] RandomStandardNormal - Success (float)
2026-02-07 07:14:25.684342: I tensorflow/core/common_runtime/eager/execute.cc:760] Executing op Mul in device /job:localhost/replica:0/task:0/device:MUSA:0
2026-02-07 07:14:27.289972: I tensorflow/core/common_runtime/eager/execute.cc:760] Executing op Add in device /job:localhost/replica:0/task:0/device:MUSA:0
2026-02-07 07:14:27.297023: I tensorflow/core/common_runtime/eager/execute.cc:760] Executing op RandomUniform in device /job:localhost/replica:0/task:0/device:MUSA:0
>>> [MUSA_TRACE_AUTO] RandomUniform - Start
>>> [MUSA_TRACE_AUTO] RandomUniform - Success (float)
2026-02-07 07:14:27.297657: I tensorflow/core/common_runtime/eager/execute.cc:760] Executing op Sub in device /job:localhost/replica:0/task:0/device:MUSA:0
2026-02-07 07:14:27.297879: I tensorflow/core/common_runtime/eager/execute.cc:760] Executing op Mul in device /job:localhost/replica:0/task:0/device:MUSA:0
2026-02-07 07:14:27.297977: I tensorflow/core/common_runtime/eager/execute.cc:760] Executing op Add in device /job:localhost/replica:0/task:0/device:MUSA:0
2026-02-07 07:14:27.298190: I tensorflow/core/common_runtime/eager/execute.cc:760] Executing op VarHandleOp in device /job:localhost/replica:0/task:0/device:MUSA:0
2026-02-07 07:14:27.298320: I tensorflow/core/common_runtime/eager/execute.cc:760] Executing op AssignVariableOp in device /job:localhost/replica:0/task:0/device:MUSA:0
2026-02-07 07:14:27.299121: I tensorflow/core/common_runtime/eager/execute.cc:760] Executing op Fill in device /job:localhost/replica:0/task:0/device:MUSA:0
2026-02-07 07:14:28.888230: I tensorflow/core/common_runtime/eager/execute.cc:760] Executing op VarHandleOp in device /job:localhost/replica:0/task:0/device:MUSA:0
2026-02-07 07:14:28.888425: I tensorflow/core/common_runtime/eager/execute.cc:760] Executing op AssignVariableOp in device /job:localhost/replica:0/task:0/device:MUSA:0
2026-02-07 07:14:28.892887: I tensorflow/core/common_runtime/eager/execute.cc:760] Executing op Fill in device /job:localhost/replica:0/task:0/device:MUSA:0
2026-02-07 07:14:28.893078: I tensorflow/core/common_runtime/eager/execute.cc:760] Executing op VarHandleOp in device /job:localhost/replica:0/task:0/device:MUSA:0
2026-02-07 07:14:28.893153: I tensorflow/core/common_runtime/eager/execute.cc:760] Executing op AssignVariableOp in device /job:localhost/replica:0/task:0/device:MUSA:0
2026-02-07 07:14:28.893422: I tensorflow/core/common_runtime/eager/execute.cc:760] Executing op Fill in device /job:localhost/replica:0/task:0/device:MUSA:0
2026-02-07 07:14:28.893501: I tensorflow/core/common_runtime/eager/execute.cc:760] Executing op VarHandleOp in device /job:localhost/replica:0/task:0/device:MUSA:0
2026-02-07 07:14:28.893543: I tensorflow/core/common_runtime/eager/execute.cc:760] Executing op AssignVariableOp in device /job:localhost/replica:0/task:0/device:MUSA:0
2026-02-07 07:14:28.893740: I tensorflow/core/common_runtime/eager/execute.cc:760] Executing op Fill in device /job:localhost/replica:0/task:0/device:MUSA:0
2026-02-07 07:14:28.893804: I tensorflow/core/common_runtime/eager/execute.cc:760] Executing op VarHandleOp in device /job:localhost/replica:0/task:0/device:MUSA:0
2026-02-07 07:14:28.893843: I tensorflow/core/common_runtime/eager/execute.cc:760] Executing op AssignVariableOp in device /job:localhost/replica:0/task:0/device:MUSA:0
2026-02-07 07:14:28.894021: I tensorflow/core/common_runtime/eager/execute.cc:760] Executing op Fill in device /job:localhost/replica:0/task:0/device:MUSA:0
2026-02-07 07:14:28.894105: I tensorflow/core/common_runtime/eager/execute.cc:760] Executing op VarHandleOp in device /job:localhost/replica:0/task:0/device:MUSA:0
2026-02-07 07:14:28.894151: I tensorflow/core/common_runtime/eager/execute.cc:760] Executing op AssignVariableOp in device /job:localhost/replica:0/task:0/device:MUSA:0
2026-02-07 07:14:28.929225: I tensorflow/core/common_runtime/eager/execute.cc:760] Executing op RandomUniform in device /job:localhost/replica:0/task:0/device:MUSA:0
>>> [MUSA_TRACE_AUTO] RandomUniform - Start
>>> [MUSA_TRACE_AUTO] RandomUniform - Success (float)
2026-02-07 07:14:28.930066: I tensorflow/core/common_runtime/eager/execute.cc:760] Executing op Sub in device /job:localhost/replica:0/task:0/device:MUSA:0
2026-02-07 07:14:28.930135: I tensorflow/core/common_runtime/eager/execute.cc:760] Executing op Mul in device /job:localhost/replica:0/task:0/device:MUSA:0
2026-02-07 07:14:28.930207: I tensorflow/core/common_runtime/eager/execute.cc:760] Executing op Add in device /job:localhost/replica:0/task:0/device:MUSA:0
2026-02-07 07:14:28.930391: I tensorflow/core/common_runtime/eager/execute.cc:760] Executing op VarHandleOp in device /job:localhost/replica:0/task:0/device:MUSA:0
2026-02-07 07:14:28.930459: I tensorflow/core/common_runtime/eager/execute.cc:760] Executing op AssignVariableOp in device /job:localhost/replica:0/task:0/device:MUSA:0
2026-02-07 07:14:28.930737: I tensorflow/core/common_runtime/eager/execute.cc:760] Executing op Fill in device /job:localhost/replica:0/task:0/device:MUSA:0
2026-02-07 07:14:28.930809: I tensorflow/core/common_runtime/eager/execute.cc:760] Executing op VarHandleOp in device /job:localhost/replica:0/task:0/device:MUSA:0
2026-02-07 07:14:28.930852: I tensorflow/core/common_runtime/eager/execute.cc:760] Executing op AssignVariableOp in device /job:localhost/replica:0/task:0/device:MUSA:0
2026-02-07 07:14:28.933622: I tensorflow/core/common_runtime/eager/execute.cc:760] Executing op Fill in device /job:localhost/replica:0/task:0/device:MUSA:0
2026-02-07 07:14:28.933749: I tensorflow/core/common_runtime/eager/execute.cc:760] Executing op VarHandleOp in device /job:localhost/replica:0/task:0/device:MUSA:0
2026-02-07 07:14:28.933808: I tensorflow/core/common_runtime/eager/execute.cc:760] Executing op AssignVariableOp in device /job:localhost/replica:0/task:0/device:MUSA:0
2026-02-07 07:14:28.934040: I tensorflow/core/common_runtime/eager/execute.cc:760] Executing op Fill in device /job:localhost/replica:0/task:0/device:MUSA:0
2026-02-07 07:14:28.934111: I tensorflow/core/common_runtime/eager/execute.cc:760] Executing op VarHandleOp in device /job:localhost/replica:0/task:0/device:MUSA:0
2026-02-07 07:14:28.934155: I tensorflow/core/common_runtime/eager/execute.cc:760] Executing op AssignVariableOp in device /job:localhost/replica:0/task:0/device:MUSA:0
2026-02-07 07:14:28.934342: I tensorflow/core/common_runtime/eager/execute.cc:760] Executing op Fill in device /job:localhost/replica:0/task:0/device:MUSA:0
2026-02-07 07:14:28.934404: I tensorflow/core/common_runtime/eager/execute.cc:760] Executing op VarHandleOp in device /job:localhost/replica:0/task:0/device:MUSA:0
2026-02-07 07:14:28.934441: I tensorflow/core/common_runtime/eager/execute.cc:760] Executing op AssignVariableOp in device /job:localhost/replica:0/task:0/device:MUSA:0
2026-02-07 07:14:28.934609: I tensorflow/core/common_runtime/eager/execute.cc:760] Executing op Fill in device /job:localhost/replica:0/task:0/device:MUSA:0
2026-02-07 07:14:28.934667: I tensorflow/core/common_runtime/eager/execute.cc:760] Executing op VarHandleOp in device /job:localhost/replica:0/task:0/device:MUSA:0
2026-02-07 07:14:28.934706: I tensorflow/core/common_runtime/eager/execute.cc:760] Executing op AssignVariableOp in device /job:localhost/replica:0/task:0/device:MUSA:0
2026-02-07 07:14:28.939640: I tensorflow/core/common_runtime/eager/execute.cc:760] Executing op RandomUniform in device /job:localhost/replica:0/task:0/device:MUSA:0
>>> [MUSA_TRACE_AUTO] RandomUniform - Start
>>> [MUSA_TRACE_AUTO] RandomUniform - Success (float)
2026-02-07 07:14:28.939833: I tensorflow/core/common_runtime/eager/execute.cc:760] Executing op Sub in device /job:localhost/replica:0/task:0/device:MUSA:0
2026-02-07 07:14:28.940084: I tensorflow/core/common_runtime/eager/execute.cc:760] Executing op Mul in device /job:localhost/replica:0/task:0/device:MUSA:0
2026-02-07 07:14:28.940174: I tensorflow/core/common_runtime/eager/execute.cc:760] Executing op Add in device /job:localhost/replica:0/task:0/device:MUSA:0
2026-02-07 07:14:28.940353: I tensorflow/core/common_runtime/eager/execute.cc:760] Executing op VarHandleOp in device /job:localhost/replica:0/task:0/device:MUSA:0
2026-02-07 07:14:28.940439: I tensorflow/core/common_runtime/eager/execute.cc:760] Executing op AssignVariableOp in device /job:localhost/replica:0/task:0/device:MUSA:0
2026-02-07 07:14:28.940761: I tensorflow/core/common_runtime/eager/execute.cc:760] Executing op Fill in device /job:localhost/replica:0/task:0/device:MUSA:0
2026-02-07 07:14:28.940901: I tensorflow/core/common_runtime/eager/execute.cc:760] Executing op VarHandleOp in device /job:localhost/replica:0/task:0/device:MUSA:0
2026-02-07 07:14:28.940968: I tensorflow/core/common_runtime/eager/execute.cc:760] Executing op AssignVariableOp in device /job:localhost/replica:0/task:0/device:MUSA:0
2026-02-07 07:14:28.943537: I tensorflow/core/common_runtime/eager/execute.cc:760] Executing op ReadVariableOp in device /job:localhost/replica:0/task:0/device:MUSA:0
>>>>> [MUSA_READ_LOG] 1. Enter Compute for Node: ReadVariableOp
>>>>> [MUSA_READ_LOG] 2. Handle Name: _AnonymousVar3, Device: /job:localhost/replica:0/task:0/device:MUSA:0
>>>>> [MUSA_READ_LOG] 5. Tensor Ready. DType: float, Shape: [128,256]
>>>>> [MUSA_READ_LOG] 6. set_output(0) SUCCESS. Done.
2026-02-07 07:14:28.943715: I tensorflow/core/common_runtime/eager/execute.cc:760] Executing op MatMul in device /job:localhost/replica:0/task:0/device:MUSA:0
2026-02-07 07:14:29.498359: I tensorflow/core/common_runtime/eager/execute.cc:760] Executing op ReadVariableOp in device /job:localhost/replica:0/task:0/device:MUSA:0
>>>>> [MUSA_READ_LOG] 1. Enter Compute for Node: ReadVariableOp
>>>>> [MUSA_READ_LOG] 2. Handle Name: _AnonymousVar4, Device: /job:localhost/replica:0/task:0/device:MUSA:0
>>>>> [MUSA_READ_LOG] 5. Tensor Ready. DType: float, Shape: [256]
>>>>> [MUSA_READ_LOG] 6. set_output(0) SUCCESS. Done.
2026-02-07 07:14:29.498564: I tensorflow/core/common_runtime/eager/execute.cc:760] Executing op BiasAdd in device /job:localhost/replica:0/task:0/device:MUSA:0
2026-02-07 07:14:31.972854: I tensorflow/core/common_runtime/eager/execute.cc:760] Executing op ReadVariableOp in device /job:localhost/replica:0/task:0/device:MUSA:0
>>>>> [MUSA_READ_LOG] 1. Enter Compute for Node: ReadVariableOp
>>>>> [MUSA_READ_LOG] 2. Handle Name: _AnonymousVar8, Device: /job:localhost/replica:0/task:0/device:MUSA:0
>>>>> [MUSA_READ_LOG] 5. Tensor Ready. DType: float, Shape: [256]
>>>>> [MUSA_READ_LOG] 6. set_output(0) SUCCESS. Done.
2026-02-07 07:14:31.973391: I tensorflow/core/common_runtime/eager/execute.cc:760] Executing op AddV2 in device /job:localhost/replica:0/task:0/device:MUSA:0
2026-02-07 07:14:31.973576: I tensorflow/core/common_runtime/eager/execute.cc:760] Executing op Rsqrt in device /job:localhost/replica:0/task:0/device:MUSA:0
2026-02-07 07:14:31.973898: I tensorflow/core/common_runtime/eager/execute.cc:760] Executing op ReadVariableOp in device /job:localhost/replica:0/task:0/device:MUSA:0
>>>>> [MUSA_READ_LOG] 1. Enter Compute for Node: ReadVariableOp
>>>>> [MUSA_READ_LOG] 2. Handle Name: _AnonymousVar5, Device: /job:localhost/replica:0/task:0/device:MUSA:0
>>>>> [MUSA_READ_LOG] 5. Tensor Ready. DType: float, Shape: [256]
>>>>> [MUSA_READ_LOG] 6. set_output(0) SUCCESS. Done.
2026-02-07 07:14:31.973955: I tensorflow/core/common_runtime/eager/execute.cc:760] Executing op Mul in device /job:localhost/replica:0/task:0/device:MUSA:0
2026-02-07 07:14:31.974229: I tensorflow/core/common_runtime/eager/execute.cc:760] Executing op Mul in device /job:localhost/replica:0/task:0/device:MUSA:0
2026-02-07 07:14:31.974394: I tensorflow/core/common_runtime/eager/execute.cc:760] Executing op ReadVariableOp in device /job:localhost/replica:0/task:0/device:MUSA:0
>>>>> [MUSA_READ_LOG] 1. Enter Compute for Node: ReadVariableOp
>>>>> [MUSA_READ_LOG] 2. Handle Name: _AnonymousVar7, Device: /job:localhost/replica:0/task:0/device:MUSA:0
>>>>> [MUSA_READ_LOG] 5. Tensor Ready. DType: float, Shape: [256]
>>>>> [MUSA_READ_LOG] 6. set_output(0) SUCCESS. Done.
2026-02-07 07:14:31.974460: I tensorflow/core/common_runtime/eager/execute.cc:760] Executing op Mul in device /job:localhost/replica:0/task:0/device:MUSA:0
2026-02-07 07:14:31.974596: I tensorflow/core/common_runtime/eager/execute.cc:760] Executing op ReadVariableOp in device /job:localhost/replica:0/task:0/device:MUSA:0
>>>>> [MUSA_READ_LOG] 1. Enter Compute for Node: ReadVariableOp
>>>>> [MUSA_READ_LOG] 2. Handle Name: _AnonymousVar6, Device: /job:localhost/replica:0/task:0/device:MUSA:0
>>>>> [MUSA_READ_LOG] 5. Tensor Ready. DType: float, Shape: [256]
>>>>> [MUSA_READ_LOG] 6. set_output(0) SUCCESS. Done.
2026-02-07 07:14:31.974679: I tensorflow/core/common_runtime/eager/execute.cc:760] Executing op Sub in device /job:localhost/replica:0/task:0/device:MUSA:0
2026-02-07 07:14:31.974877: I tensorflow/core/common_runtime/eager/execute.cc:760] Executing op AddV2 in device /job:localhost/replica:0/task:0/device:MUSA:0
2026-02-07 07:14:31.975246: I tensorflow/core/common_runtime/eager/execute.cc:760] Executing op Mul in device /job:localhost/replica:0/task:0/device:MUSA:0
2026-02-07 07:14:31.975411: I tensorflow/core/common_runtime/eager/execute.cc:760] Executing op Sqrt in device /job:localhost/replica:0/task:0/device:MUSA:0
2026-02-07 07:14:31.975649: I tensorflow/core/common_runtime/eager/execute.cc:760] Executing op RealDiv in device /job:localhost/replica:0/task:0/device:MUSA:0
2026-02-07 07:14:31.975871: I tensorflow/core/common_runtime/eager/execute.cc:760] Executing op Erf in device /job:localhost/replica:0/task:0/device:MUSA:0
2026-02-07 07:14:31.977039: I tensorflow/core/common_runtime/eager/execute.cc:760] Executing op AddV2 in device /job:localhost/replica:0/task:0/device:MUSA:0
2026-02-07 07:14:31.977151: I tensorflow/core/common_runtime/eager/execute.cc:760] Executing op Mul in device /job:localhost/replica:0/task:0/device:MUSA:0
2026-02-07 07:14:31.977532: I tensorflow/core/common_runtime/eager/execute.cc:760] Executing op Identity in device /job:localhost/replica:0/task:0/device:MUSA:0
2026-02-07 07:14:31.977721: I tensorflow/core/common_runtime/eager/execute.cc:760] Executing op ReadVariableOp in device /job:localhost/replica:0/task:0/device:MUSA:0
>>>>> [MUSA_READ_LOG] 1. Enter Compute for Node: ReadVariableOp
>>>>> [MUSA_READ_LOG] 2. Handle Name: _AnonymousVar9, Device: /job:localhost/replica:0/task:0/device:MUSA:0
>>>>> [MUSA_READ_LOG] 5. Tensor Ready. DType: float, Shape: [256,256]
>>>>> [MUSA_READ_LOG] 6. set_output(0) SUCCESS. Done.
2026-02-07 07:14:31.977778: I tensorflow/core/common_runtime/eager/execute.cc:760] Executing op MatMul in device /job:localhost/replica:0/task:0/device:MUSA:0
2026-02-07 07:14:31.978004: I tensorflow/core/common_runtime/eager/execute.cc:760] Executing op ReadVariableOp in device /job:localhost/replica:0/task:0/device:MUSA:0
>>>>> [MUSA_READ_LOG] 1. Enter Compute for Node: ReadVariableOp
>>>>> [MUSA_READ_LOG] 2. Handle Name: _AnonymousVar10, Device: /job:localhost/replica:0/task:0/device:MUSA:0
>>>>> [MUSA_READ_LOG] 5. Tensor Ready. DType: float, Shape: [256]
>>>>> [MUSA_READ_LOG] 6. set_output(0) SUCCESS. Done.
2026-02-07 07:14:31.978055: I tensorflow/core/common_runtime/eager/execute.cc:760] Executing op BiasAdd in device /job:localhost/replica:0/task:0/device:MUSA:0
2026-02-07 07:14:31.978324: I tensorflow/core/common_runtime/eager/execute.cc:760] Executing op ReadVariableOp in device /job:localhost/replica:0/task:0/device:MUSA:0
>>>>> [MUSA_READ_LOG] 1. Enter Compute for Node: ReadVariableOp
>>>>> [MUSA_READ_LOG] 2. Handle Name: _AnonymousVar14, Device: /job:localhost/replica:0/task:0/device:MUSA:0
>>>>> [MUSA_READ_LOG] 5. Tensor Ready. DType: float, Shape: [256]
>>>>> [MUSA_READ_LOG] 6. set_output(0) SUCCESS. Done.
2026-02-07 07:14:31.978421: I tensorflow/core/common_runtime/eager/execute.cc:760] Executing op AddV2 in device /job:localhost/replica:0/task:0/device:MUSA:0
2026-02-07 07:14:31.978465: I tensorflow/core/common_runtime/eager/execute.cc:760] Executing op Rsqrt in device /job:localhost/replica:0/task:0/device:MUSA:0
2026-02-07 07:14:31.978537: I tensorflow/core/common_runtime/eager/execute.cc:760] Executing op ReadVariableOp in device /job:localhost/replica:0/task:0/device:MUSA:0
>>>>> [MUSA_READ_LOG] 1. Enter Compute for Node: ReadVariableOp
>>>>> [MUSA_READ_LOG] 2. Handle Name: _AnonymousVar11, Device: /job:localhost/replica:0/task:0/device:MUSA:0
>>>>> [MUSA_READ_LOG] 5. Tensor Ready. DType: float, Shape: [256]
>>>>> [MUSA_READ_LOG] 6. set_output(0) SUCCESS. Done.
2026-02-07 07:14:31.978594: I tensorflow/core/common_runtime/eager/execute.cc:760] Executing op Mul in device /job:localhost/replica:0/task:0/device:MUSA:0
2026-02-07 07:14:31.978679: I tensorflow/core/common_runtime/eager/execute.cc:760] Executing op Mul in device /job:localhost/replica:0/task:0/device:MUSA:0
2026-02-07 07:14:31.978728: I tensorflow/core/common_runtime/eager/execute.cc:760] Executing op ReadVariableOp in device /job:localhost/replica:0/task:0/device:MUSA:0
>>>>> [MUSA_READ_LOG] 1. Enter Compute for Node: ReadVariableOp
>>>>> [MUSA_READ_LOG] 2. Handle Name: _AnonymousVar13, Device: /job:localhost/replica:0/task:0/device:MUSA:0
>>>>> [MUSA_READ_LOG] 5. Tensor Ready. DType: float, Shape: [256]
>>>>> [MUSA_READ_LOG] 6. set_output(0) SUCCESS. Done.
2026-02-07 07:14:31.978785: I tensorflow/core/common_runtime/eager/execute.cc:760] Executing op Mul in device /job:localhost/replica:0/task:0/device:MUSA:0
2026-02-07 07:14:31.978844: I tensorflow/core/common_runtime/eager/execute.cc:760] Executing op ReadVariableOp in device /job:localhost/replica:0/task:0/device:MUSA:0
>>>>> [MUSA_READ_LOG] 1. Enter Compute for Node: ReadVariableOp
>>>>> [MUSA_READ_LOG] 2. Handle Name: _AnonymousVar12, Device: /job:localhost/replica:0/task:0/device:MUSA:0
>>>>> [MUSA_READ_LOG] 5. Tensor Ready. DType: float, Shape: [256]
>>>>> [MUSA_READ_LOG] 6. set_output(0) SUCCESS. Done.
2026-02-07 07:14:31.978902: I tensorflow/core/common_runtime/eager/execute.cc:760] Executing op Sub in device /job:localhost/replica:0/task:0/device:MUSA:0
2026-02-07 07:14:31.978986: I tensorflow/core/common_runtime/eager/execute.cc:760] Executing op AddV2 in device /job:localhost/replica:0/task:0/device:MUSA:0
2026-02-07 07:14:31.979177: I tensorflow/core/common_runtime/eager/execute.cc:760] Executing op Identity in device /job:localhost/replica:0/task:0/device:MUSA:0
2026-02-07 07:14:31.979298: I tensorflow/core/common_runtime/eager/execute.cc:760] Executing op ReadVariableOp in device /job:localhost/replica:0/task:0/device:MUSA:0
>>>>> [MUSA_READ_LOG] 1. Enter Compute for Node: ReadVariableOp
>>>>> [MUSA_READ_LOG] 2. Handle Name: _AnonymousVar15, Device: /job:localhost/replica:0/task:0/device:MUSA:0
>>>>> [MUSA_READ_LOG] 5. Tensor Ready. DType: float, Shape: [256,1]
>>>>> [MUSA_READ_LOG] 6. set_output(0) SUCCESS. Done.
2026-02-07 07:14:31.979345: I tensorflow/core/common_runtime/eager/execute.cc:760] Executing op MatMul in device /job:localhost/replica:0/task:0/device:MUSA:0
2026-02-07 07:14:31.979551: I tensorflow/core/common_runtime/eager/execute.cc:760] Executing op ReadVariableOp in device /job:localhost/replica:0/task:0/device:MUSA:0
>>>>> [MUSA_READ_LOG] 1. Enter Compute for Node: ReadVariableOp
>>>>> [MUSA_READ_LOG] 2. Handle Name: _AnonymousVar16, Device: /job:localhost/replica:0/task:0/device:MUSA:0
>>>>> [MUSA_READ_LOG] 5. Tensor Ready. DType: float, Shape: [1]
>>>>> [MUSA_READ_LOG] 6. set_output(0) SUCCESS. Done.
2026-02-07 07:14:31.979600: I tensorflow/core/common_runtime/eager/execute.cc:760] Executing op BiasAdd in device /job:localhost/replica:0/task:0/device:MUSA:0
2026-02-07 07:14:31.981868: I tensorflow/core/common_runtime/eager/execute.cc:760] Executing op Mul in device /job:localhost/replica:0/task:0/device:MUSA:0
2026-02-07 07:14:31.981958: I tensorflow/core/common_runtime/eager/execute.cc:760] Executing op Sqrt in device /job:localhost/replica:0/task:0/device:MUSA:0
2026-02-07 07:14:31.982024: I tensorflow/core/common_runtime/eager/execute.cc:760] Executing op RealDiv in device /job:localhost/replica:0/task:0/device:MUSA:0
2026-02-07 07:14:31.982088: I tensorflow/core/common_runtime/eager/execute.cc:760] Executing op Erf in device /job:localhost/replica:0/task:0/device:MUSA:0
2026-02-07 07:14:31.982189: I tensorflow/core/common_runtime/eager/execute.cc:760] Executing op AddV2 in device /job:localhost/replica:0/task:0/device:MUSA:0
2026-02-07 07:14:31.982270: I tensorflow/core/common_runtime/eager/execute.cc:760] Executing op Mul in device /job:localhost/replica:0/task:0/device:MUSA:0
2026-02-07 07:14:31.982500: I tensorflow/core/common_runtime/eager/execute.cc:760] Executing op Mul in device /job:localhost/replica:0/task:0/device:MUSA:0
2026-02-07 07:14:31.982539: I tensorflow/core/common_runtime/eager/execute.cc:760] Executing op Sqrt in device /job:localhost/replica:0/task:0/device:MUSA:0
2026-02-07 07:14:31.982585: I tensorflow/core/common_runtime/eager/execute.cc:760] Executing op RealDiv in device /job:localhost/replica:0/task:0/device:MUSA:0
2026-02-07 07:14:31.982637: I tensorflow/core/common_runtime/eager/execute.cc:760] Executing op Erf in device /job:localhost/replica:0/task:0/device:MUSA:0
2026-02-07 07:14:31.982725: I tensorflow/core/common_runtime/eager/execute.cc:760] Executing op AddV2 in device /job:localhost/replica:0/task:0/device:MUSA:0
2026-02-07 07:14:31.982798: I tensorflow/core/common_runtime/eager/execute.cc:760] Executing op Mul in device /job:localhost/replica:0/task:0/device:MUSA:0
2026-02-07 07:14:31.983531: I tensorflow/core/common_runtime/eager/execute.cc:760] Executing op ReadVariableOp in device /job:localhost/replica:0/task:0/device:MUSA:0
>>>>> [MUSA_READ_LOG] 1. Enter Compute for Node: ReadVariableOp
>>>>> [MUSA_READ_LOG] 2. Handle Name: _AnonymousVar3, Device: /job:localhost/replica:0/task:0/device:MUSA:0
>>>>> [MUSA_READ_LOG] 5. Tensor Ready. DType: float, Shape: [128,256]
>>>>> [MUSA_READ_LOG] 6. set_output(0) SUCCESS. Done.
2026-02-07 07:14:31.984065: I tensorflow/core/common_runtime/eager/execute.cc:760] Executing op MatMul in device /job:localhost/replica:0/task:0/device:MUSA:0
2026-02-07 07:14:31.984161: I tensorflow/core/common_runtime/eager/execute.cc:760] Executing op ReadVariableOp in device /job:localhost/replica:0/task:0/device:MUSA:0
>>>>> [MUSA_READ_LOG] 1. Enter Compute for Node: ReadVariableOp
>>>>> [MUSA_READ_LOG] 2. Handle Name: _AnonymousVar4, Device: /job:localhost/replica:0/task:0/device:MUSA:0
>>>>> [MUSA_READ_LOG] 5. Tensor Ready. DType: float, Shape: [256]
>>>>> [MUSA_READ_LOG] 6. set_output(0) SUCCESS. Done.
2026-02-07 07:14:31.984215: I tensorflow/core/common_runtime/eager/execute.cc:760] Executing op BiasAdd in device /job:localhost/replica:0/task:0/device:MUSA:0
2026-02-07 07:14:31.984922: I tensorflow/core/common_runtime/eager/execute.cc:760] Executing op Mean in device /job:localhost/replica:0/task:0/device:MUSA:0
2026-02-07 07:14:36.411028: I tensorflow/core/common_runtime/eager/execute.cc:760] Executing op StopGradient in device /job:localhost/replica:0/task:0/device:MUSA:0
2026-02-07 07:14:36.411155: I tensorflow/core/common_runtime/eager/execute.cc:760] Executing op SquaredDifference in device /job:localhost/replica:0/task:0/device:MUSA:0
2026-02-07 07:14:36.411656: I tensorflow/core/common_runtime/eager/execute.cc:760] Executing op Mean in device /job:localhost/replica:0/task:0/device:MUSA:0
2026-02-07 07:14:36.411923: I tensorflow/core/common_runtime/eager/execute.cc:760] Executing op Squeeze in device /job:localhost/replica:0/task:0/device:MUSA:0
>>> [MUSA_DEBUG] Squeeze: [1,256] -> [256]
2026-02-07 07:14:36.411970: I tensorflow/core/common_runtime/eager/execute.cc:760] Executing op Squeeze in device /job:localhost/replica:0/task:0/device:MUSA:0
>>> [MUSA_DEBUG] Squeeze: [1,256] -> [256]
2026-02-07 07:14:36.412336: I tensorflow/core/common_runtime/eager/execute.cc:760] Executing op ReadVariableOp in device /job:localhost/replica:0/task:0/device:MUSA:0
>>>>> [MUSA_READ_LOG] 1. Enter Compute for Node: ReadVariableOp
>>>>> [MUSA_READ_LOG] 2. Handle Name: _AnonymousVar7, Device: /job:localhost/replica:0/task:0/device:MUSA:0
>>>>> [MUSA_READ_LOG] 5. Tensor Ready. DType: float, Shape: [256]
>>>>> [MUSA_READ_LOG] 6. set_output(0) SUCCESS. Done.
2026-02-07 07:14:36.412428: I tensorflow/core/common_runtime/eager/execute.cc:760] Executing op Sub in device /job:localhost/replica:0/task:0/device:MUSA:0
2026-02-07 07:14:36.412604: I tensorflow/core/common_runtime/eager/execute.cc:760] Executing op Mul in device /job:localhost/replica:0/task:0/device:MUSA:0
2026-02-07 07:14:36.412787: I tensorflow/core/common_runtime/eager/execute.cc:760] Executing op AssignSubVariableOp in device /job:localhost/replica:0/task:0/device:MUSA:0
2026-02-07 07:14:36.413015: I tensorflow/core/common_runtime/eager/execute.cc:760] Executing op ReadVariableOp in device /job:localhost/replica:0/task:0/device:MUSA:0
>>>>> [MUSA_READ_LOG] 1. Enter Compute for Node: ReadVariableOp
>>>>> [MUSA_READ_LOG] 2. Handle Name: _AnonymousVar8, Device: /job:localhost/replica:0/task:0/device:MUSA:0
>>>>> [MUSA_READ_LOG] 5. Tensor Ready. DType: float, Shape: [256]
>>>>> [MUSA_READ_LOG] 6. set_output(0) SUCCESS. Done.
2026-02-07 07:14:36.413066: I tensorflow/core/common_runtime/eager/execute.cc:760] Executing op Sub in device /job:localhost/replica:0/task:0/device:MUSA:0
2026-02-07 07:14:36.413105: I tensorflow/core/common_runtime/eager/execute.cc:760] Executing op Mul in device /job:localhost/replica:0/task:0/device:MUSA:0
2026-02-07 07:14:36.413152: I tensorflow/core/common_runtime/eager/execute.cc:760] Executing op AssignSubVariableOp in device /job:localhost/replica:0/task:0/device:MUSA:0
2026-02-07 07:14:36.413275: I tensorflow/core/common_runtime/eager/execute.cc:760] Executing op AddV2 in device /job:localhost/replica:0/task:0/device:MUSA:0
2026-02-07 07:14:36.413331: I tensorflow/core/common_runtime/eager/execute.cc:760] Executing op Rsqrt in device /job:localhost/replica:0/task:0/device:MUSA:0
2026-02-07 07:14:36.413430: I tensorflow/core/common_runtime/eager/execute.cc:760] Executing op ReadVariableOp in device /job:localhost/replica:0/task:0/device:MUSA:0
>>>>> [MUSA_READ_LOG] 1. Enter Compute for Node: ReadVariableOp
>>>>> [MUSA_READ_LOG] 2. Handle Name: _AnonymousVar5, Device: /job:localhost/replica:0/task:0/device:MUSA:0
>>>>> [MUSA_READ_LOG] 5. Tensor Ready. DType: float, Shape: [256]
>>>>> [MUSA_READ_LOG] 6. set_output(0) SUCCESS. Done.
2026-02-07 07:14:36.413470: I tensorflow/core/common_runtime/eager/execute.cc:760] Executing op Mul in device /job:localhost/replica:0/task:0/device:MUSA:0
2026-02-07 07:14:36.413508: I tensorflow/core/common_runtime/eager/execute.cc:760] Executing op Mul in device /job:localhost/replica:0/task:0/device:MUSA:0
2026-02-07 07:14:36.413547: I tensorflow/core/common_runtime/eager/execute.cc:760] Executing op Mul in device /job:localhost/replica:0/task:0/device:MUSA:0
2026-02-07 07:14:36.413601: I tensorflow/core/common_runtime/eager/execute.cc:760] Executing op ReadVariableOp in device /job:localhost/replica:0/task:0/device:MUSA:0
>>>>> [MUSA_READ_LOG] 1. Enter Compute for Node: ReadVariableOp
>>>>> [MUSA_READ_LOG] 2. Handle Name: _AnonymousVar6, Device: /job:localhost/replica:0/task:0/device:MUSA:0
>>>>> [MUSA_READ_LOG] 5. Tensor Ready. DType: float, Shape: [256]
>>>>> [MUSA_READ_LOG] 6. set_output(0) SUCCESS. Done.
2026-02-07 07:14:36.413648: I tensorflow/core/common_runtime/eager/execute.cc:760] Executing op Sub in device /job:localhost/replica:0/task:0/device:MUSA:0
2026-02-07 07:14:36.413681: I tensorflow/core/common_runtime/eager/execute.cc:760] Executing op AddV2 in device /job:localhost/replica:0/task:0/device:MUSA:0
2026-02-07 07:14:36.413856: I tensorflow/core/common_runtime/eager/execute.cc:760] Executing op Mul in device /job:localhost/replica:0/task:0/device:MUSA:0
2026-02-07 07:14:36.413905: I tensorflow/core/common_runtime/eager/execute.cc:760] Executing op Sqrt in device /job:localhost/replica:0/task:0/device:MUSA:0
2026-02-07 07:14:36.413961: I tensorflow/core/common_runtime/eager/execute.cc:760] Executing op RealDiv in device /job:localhost/replica:0/task:0/device:MUSA:0
2026-02-07 07:14:36.414005: I tensorflow/core/common_runtime/eager/execute.cc:760] Executing op Erf in device /job:localhost/replica:0/task:0/device:MUSA:0
2026-02-07 07:14:36.414048: I tensorflow/core/common_runtime/eager/execute.cc:760] Executing op AddV2 in device /job:localhost/replica:0/task:0/device:MUSA:0
2026-02-07 07:14:36.414085: I tensorflow/core/common_runtime/eager/execute.cc:760] Executing op Mul in device /job:localhost/replica:0/task:0/device:MUSA:0
2026-02-07 07:14:36.414293: I tensorflow/core/common_runtime/eager/execute.cc:760] Executing op Mul in device /job:localhost/replica:0/task:0/device:MUSA:0
2026-02-07 07:14:36.414405: I tensorflow/core/common_runtime/eager/execute.cc:760] Executing op Shape in device /job:localhost/replica:0/task:0/device:MUSA:0
2026-02-07 07:14:36.414543: I tensorflow/core/common_runtime/eager/execute.cc:760] Executing op RandomUniform in device /job:localhost/replica:0/task:0/device:MUSA:0
>>> [MUSA_TRACE_AUTO] RandomUniform - Start
>>> [MUSA_TRACE_AUTO] RandomUniform - Success (float)
2026-02-07 07:14:36.414725: I tensorflow/core/common_runtime/eager/execute.cc:760] Executing op GreaterEqual in device /job:localhost/replica:0/task:0/device:MUSA:0
2026-02-07 07:14:36.414956: I tensorflow/core/common_runtime/eager/execute.cc:760] Executing op Cast in device /job:localhost/replica:0/task:0/device:MUSA:0
2026-02-07 07:14:36.415084: I tensorflow/core/common_runtime/eager/execute.cc:760] Executing op Mul in device /job:localhost/replica:0/task:0/device:MUSA:0
2026-02-07 07:14:36.415288: I tensorflow/core/common_runtime/eager/execute.cc:760] Executing op ReadVariableOp in device /job:localhost/replica:0/task:0/device:MUSA:0
>>>>> [MUSA_READ_LOG] 1. Enter Compute for Node: ReadVariableOp
>>>>> [MUSA_READ_LOG] 2. Handle Name: _AnonymousVar9, Device: /job:localhost/replica:0/task:0/device:MUSA:0
>>>>> [MUSA_READ_LOG] 5. Tensor Ready. DType: float, Shape: [256,256]
>>>>> [MUSA_READ_LOG] 6. set_output(0) SUCCESS. Done.
2026-02-07 07:14:36.415334: I tensorflow/core/common_runtime/eager/execute.cc:760] Executing op MatMul in device /job:localhost/replica:0/task:0/device:MUSA:0
2026-02-07 07:14:36.415408: I tensorflow/core/common_runtime/eager/execute.cc:760] Executing op ReadVariableOp in device /job:localhost/replica:0/task:0/device:MUSA:0
>>>>> [MUSA_READ_LOG] 1. Enter Compute for Node: ReadVariableOp
>>>>> [MUSA_READ_LOG] 2. Handle Name: _AnonymousVar10, Device: /job:localhost/replica:0/task:0/device:MUSA:0
>>>>> [MUSA_READ_LOG] 5. Tensor Ready. DType: float, Shape: [256]
>>>>> [MUSA_READ_LOG] 6. set_output(0) SUCCESS. Done.
2026-02-07 07:14:36.415446: I tensorflow/core/common_runtime/eager/execute.cc:760] Executing op BiasAdd in device /job:localhost/replica:0/task:0/device:MUSA:0
2026-02-07 07:14:36.415711: I tensorflow/core/common_runtime/eager/execute.cc:760] Executing op Mean in device /job:localhost/replica:0/task:0/device:MUSA:0
2026-02-07 07:14:36.415774: I tensorflow/core/common_runtime/eager/execute.cc:760] Executing op StopGradient in device /job:localhost/replica:0/task:0/device:MUSA:0
2026-02-07 07:14:36.415792: I tensorflow/core/common_runtime/eager/execute.cc:760] Executing op SquaredDifference in device /job:localhost/replica:0/task:0/device:MUSA:0
2026-02-07 07:14:36.415873: I tensorflow/core/common_runtime/eager/execute.cc:760] Executing op Mean in device /job:localhost/replica:0/task:0/device:MUSA:0
2026-02-07 07:14:36.415929: I tensorflow/core/common_runtime/eager/execute.cc:760] Executing op Squeeze in device /job:localhost/replica:0/task:0/device:MUSA:0
>>> [MUSA_DEBUG] Squeeze: [1,256] -> [256]
2026-02-07 07:14:36.415959: I tensorflow/core/common_runtime/eager/execute.cc:760] Executing op Squeeze in device /job:localhost/replica:0/task:0/device:MUSA:0
>>> [MUSA_DEBUG] Squeeze: [1,256] -> [256]
2026-02-07 07:14:36.416071: I tensorflow/core/common_runtime/eager/execute.cc:760] Executing op ReadVariableOp in device /job:localhost/replica:0/task:0/device:MUSA:0
>>>>> [MUSA_READ_LOG] 1. Enter Compute for Node: ReadVariableOp
>>>>> [MUSA_READ_LOG] 2. Handle Name: _AnonymousVar13, Device: /job:localhost/replica:0/task:0/device:MUSA:0
>>>>> [MUSA_READ_LOG] 5. Tensor Ready. DType: float, Shape: [256]
>>>>> [MUSA_READ_LOG] 6. set_output(0) SUCCESS. Done.
2026-02-07 07:14:36.416118: I tensorflow/core/common_runtime/eager/execute.cc:760] Executing op Sub in device /job:localhost/replica:0/task:0/device:MUSA:0
2026-02-07 07:14:36.416157: I tensorflow/core/common_runtime/eager/execute.cc:760] Executing op Mul in device /job:localhost/replica:0/task:0/device:MUSA:0
2026-02-07 07:14:36.416222: I tensorflow/core/common_runtime/eager/execute.cc:760] Executing op AssignSubVariableOp in device /job:localhost/replica:0/task:0/device:MUSA:0
2026-02-07 07:14:36.416343: I tensorflow/core/common_runtime/eager/execute.cc:760] Executing op ReadVariableOp in device /job:localhost/replica:0/task:0/device:MUSA:0
>>>>> [MUSA_READ_LOG] 1. Enter Compute for Node: ReadVariableOp
>>>>> [MUSA_READ_LOG] 2. Handle Name: _AnonymousVar14, Device: /job:localhost/replica:0/task:0/device:MUSA:0
>>>>> [MUSA_READ_LOG] 5. Tensor Ready. DType: float, Shape: [256]
>>>>> [MUSA_READ_LOG] 6. set_output(0) SUCCESS. Done.
2026-02-07 07:14:36.416388: I tensorflow/core/common_runtime/eager/execute.cc:760] Executing op Sub in device /job:localhost/replica:0/task:0/device:MUSA:0
2026-02-07 07:14:36.416419: I tensorflow/core/common_runtime/eager/execute.cc:760] Executing op Mul in device /job:localhost/replica:0/task:0/device:MUSA:0
2026-02-07 07:14:36.416459: I tensorflow/core/common_runtime/eager/execute.cc:760] Executing op AssignSubVariableOp in device /job:localhost/replica:0/task:0/device:MUSA:0
2026-02-07 07:14:36.416549: I tensorflow/core/common_runtime/eager/execute.cc:760] Executing op AddV2 in device /job:localhost/replica:0/task:0/device:MUSA:0
2026-02-07 07:14:36.416584: I tensorflow/core/common_runtime/eager/execute.cc:760] Executing op Rsqrt in device /job:localhost/replica:0/task:0/device:MUSA:0
2026-02-07 07:14:36.416662: I tensorflow/core/common_runtime/eager/execute.cc:760] Executing op ReadVariableOp in device /job:localhost/replica:0/task:0/device:MUSA:0
>>>>> [MUSA_READ_LOG] 1. Enter Compute for Node: ReadVariableOp
>>>>> [MUSA_READ_LOG] 2. Handle Name: _AnonymousVar11, Device: /job:localhost/replica:0/task:0/device:MUSA:0
>>>>> [MUSA_READ_LOG] 5. Tensor Ready. DType: float, Shape: [256]
>>>>> [MUSA_READ_LOG] 6. set_output(0) SUCCESS. Done.
2026-02-07 07:14:36.416698: I tensorflow/core/common_runtime/eager/execute.cc:760] Executing op Mul in device /job:localhost/replica:0/task:0/device:MUSA:0
2026-02-07 07:14:36.416738: I tensorflow/core/common_runtime/eager/execute.cc:760] Executing op Mul in device /job:localhost/replica:0/task:0/device:MUSA:0
2026-02-07 07:14:36.416771: I tensorflow/core/common_runtime/eager/execute.cc:760] Executing op Mul in device /job:localhost/replica:0/task:0/device:MUSA:0
2026-02-07 07:14:36.416818: I tensorflow/core/common_runtime/eager/execute.cc:760] Executing op ReadVariableOp in device /job:localhost/replica:0/task:0/device:MUSA:0
>>>>> [MUSA_READ_LOG] 1. Enter Compute for Node: ReadVariableOp
>>>>> [MUSA_READ_LOG] 2. Handle Name: _AnonymousVar12, Device: /job:localhost/replica:0/task:0/device:MUSA:0
>>>>> [MUSA_READ_LOG] 5. Tensor Ready. DType: float, Shape: [256]
>>>>> [MUSA_READ_LOG] 6. set_output(0) SUCCESS. Done.
2026-02-07 07:14:36.416860: I tensorflow/core/common_runtime/eager/execute.cc:760] Executing op Sub in device /job:localhost/replica:0/task:0/device:MUSA:0
2026-02-07 07:14:36.416906: I tensorflow/core/common_runtime/eager/execute.cc:760] Executing op AddV2 in device /job:localhost/replica:0/task:0/device:MUSA:0
2026-02-07 07:14:36.417072: I tensorflow/core/common_runtime/eager/execute.cc:760] Executing op Mul in device /job:localhost/replica:0/task:0/device:MUSA:0
2026-02-07 07:14:36.417124: I tensorflow/core/common_runtime/eager/execute.cc:760] Executing op Shape in device /job:localhost/replica:0/task:0/device:MUSA:0
2026-02-07 07:14:36.417165: I tensorflow/core/common_runtime/eager/execute.cc:760] Executing op RandomUniform in device /job:localhost/replica:0/task:0/device:MUSA:0
>>> [MUSA_TRACE_AUTO] RandomUniform - Start
>>> [MUSA_TRACE_AUTO] RandomUniform - Success (float)
2026-02-07 07:14:36.417259: I tensorflow/core/common_runtime/eager/execute.cc:760] Executing op GreaterEqual in device /job:localhost/replica:0/task:0/device:MUSA:0
2026-02-07 07:14:36.417293: I tensorflow/core/common_runtime/eager/execute.cc:760] Executing op Cast in device /job:localhost/replica:0/task:0/device:MUSA:0
2026-02-07 07:14:36.417335: I tensorflow/core/common_runtime/eager/execute.cc:760] Executing op Mul in device /job:localhost/replica:0/task:0/device:MUSA:0
2026-02-07 07:14:36.417475: I tensorflow/core/common_runtime/eager/execute.cc:760] Executing op ReadVariableOp in device /job:localhost/replica:0/task:0/device:MUSA:0
>>>>> [MUSA_READ_LOG] 1. Enter Compute for Node: ReadVariableOp
>>>>> [MUSA_READ_LOG] 2. Handle Name: _AnonymousVar15, Device: /job:localhost/replica:0/task:0/device:MUSA:0
>>>>> [MUSA_READ_LOG] 5. Tensor Ready. DType: float, Shape: [256,1]
>>>>> [MUSA_READ_LOG] 6. set_output(0) SUCCESS. Done.
2026-02-07 07:14:36.417514: I tensorflow/core/common_runtime/eager/execute.cc:760] Executing op MatMul in device /job:localhost/replica:0/task:0/device:MUSA:0
2026-02-07 07:14:36.417571: I tensorflow/core/common_runtime/eager/execute.cc:760] Executing op ReadVariableOp in device /job:localhost/replica:0/task:0/device:MUSA:0
>>>>> [MUSA_READ_LOG] 1. Enter Compute for Node: ReadVariableOp
>>>>> [MUSA_READ_LOG] 2. Handle Name: _AnonymousVar16, Device: /job:localhost/replica:0/task:0/device:MUSA:0
>>>>> [MUSA_READ_LOG] 5. Tensor Ready. DType: float, Shape: [1]
>>>>> [MUSA_READ_LOG] 6. set_output(0) SUCCESS. Done.
2026-02-07 07:14:36.417607: I tensorflow/core/common_runtime/eager/execute.cc:760] Executing op BiasAdd in device /job:localhost/replica:0/task:0/device:MUSA:0
2026-02-07 07:14:36.417776: I tensorflow/core/common_runtime/eager/execute.cc:760] Executing op Square in device /job:localhost/replica:0/task:0/device:MUSA:0
2026-02-07 07:14:36.417896: I tensorflow/core/common_runtime/eager/execute.cc:760] Executing op Mean in device /job:localhost/replica:0/task:0/device:MUSA:0
2026-02-07 07:14:36.418959: I tensorflow/core/common_runtime/eager/execute.cc:760] Executing op Reshape in device /job:localhost/replica:0/task:0/device:MUSA:0
2026-02-07 07:14:36.419223: I tensorflow/core/common_runtime/eager/execute.cc:760] Executing op Tile in device /job:localhost/replica:0/task:0/device:MUSA:0
2026-02-07 07:14:36.419622: I tensorflow/core/common_runtime/eager/execute.cc:760] Executing op RealDiv in device /job:localhost/replica:0/task:0/device:MUSA:0
2026-02-07 07:14:36.419798: I tensorflow/core/common_runtime/eager/execute.cc:760] Executing op Mul in device /job:localhost/replica:0/task:0/device:MUSA:0
2026-02-07 07:14:36.419829: I tensorflow/core/common_runtime/eager/execute.cc:760] Executing op Mul in device /job:localhost/replica:0/task:0/device:MUSA:0
2026-02-07 07:14:36.419997: I tensorflow/core/common_runtime/eager/execute.cc:760] Executing op BiasAddGrad in device /job:localhost/replica:0/task:0/device:MUSA:0
2026-02-07 07:14:36.420245: I tensorflow/core/common_runtime/eager/execute.cc:760] Executing op MatMul in device /job:localhost/replica:0/task:0/device:MUSA:0
2026-02-07 07:14:36.420412: I tensorflow/core/common_runtime/eager/execute.cc:760] Executing op MatMul in device /job:localhost/replica:0/task:0/device:MUSA:0
2026-02-07 07:14:36.420642: I tensorflow/core/common_runtime/eager/execute.cc:760] Executing op Mul in device /job:localhost/replica:0/task:0/device:MUSA:0
2026-02-07 07:14:36.420672: I tensorflow/core/common_runtime/eager/execute.cc:760] Executing op Mul in device /job:localhost/replica:0/task:0/device:MUSA:0
2026-02-07 07:14:36.420746: I tensorflow/core/common_runtime/eager/execute.cc:760] Executing op Mul in device /job:localhost/replica:0/task:0/device:MUSA:0
2026-02-07 07:14:36.420851: I tensorflow/core/common_runtime/eager/execute.cc:760] Executing op Shape in device /job:localhost/replica:0/task:0/device:MUSA:0
2026-02-07 07:14:36.420879: I tensorflow/core/common_runtime/eager/execute.cc:760] Executing op Shape in device /job:localhost/replica:0/task:0/device:MUSA:0
2026-02-07 07:14:36.420940: I tensorflow/core/common_runtime/eager/execute.cc:760] Executing op BroadcastGradientArgs in device /job:localhost/replica:0/task:0/device:MUSA:0
2026-02-07 07:14:36.421027: I tensorflow/core/common_runtime/eager/execute.cc:760] Executing op Sum in device /job:localhost/replica:0/task:0/device:MUSA:0
2026-02-07 07:14:36.421069: I tensorflow/core/common_runtime/eager/execute.cc:760] Executing op Reshape in device /job:localhost/replica:0/task:0/device:MUSA:0
2026-02-07 07:14:36.421145: I tensorflow/core/common_runtime/eager/execute.cc:760] Executing op Sum in device /job:localhost/replica:0/task:0/device:MUSA:0
2026-02-07 07:14:36.421292: I tensorflow/core/common_runtime/eager/execute.cc:760] Executing op Reshape in device /job:localhost/replica:0/task:0/device:MUSA:0
2026-02-07 07:14:36.421394: I tensorflow/core/common_runtime/eager/execute.cc:760] Executing op Shape in device /job:localhost/replica:0/task:0/device:MUSA:0
2026-02-07 07:14:36.421412: I tensorflow/core/common_runtime/eager/execute.cc:760] Executing op Shape in device /job:localhost/replica:0/task:0/device:MUSA:0
2026-02-07 07:14:36.421424: I tensorflow/core/common_runtime/eager/execute.cc:760] Executing op BroadcastGradientArgs in device /job:localhost/replica:0/task:0/device:MUSA:0
2026-02-07 07:14:36.421443: I tensorflow/core/common_runtime/eager/execute.cc:760] Executing op Mul in device /job:localhost/replica:0/task:0/device:MUSA:0
2026-02-07 07:14:36.421472: I tensorflow/core/common_runtime/eager/execute.cc:760] Executing op Sum in device /job:localhost/replica:0/task:0/device:MUSA:0
2026-02-07 07:14:36.421525: I tensorflow/core/common_runtime/eager/execute.cc:760] Executing op Reshape in device /job:localhost/replica:0/task:0/device:MUSA:0
2026-02-07 07:14:36.421600: I tensorflow/core/common_runtime/eager/execute.cc:760] Executing op Mul in device /job:localhost/replica:0/task:0/device:MUSA:0
2026-02-07 07:14:36.421624: I tensorflow/core/common_runtime/eager/execute.cc:760] Executing op Sum in device /job:localhost/replica:0/task:0/device:MUSA:0
2026-02-07 07:14:36.421679: I tensorflow/core/common_runtime/eager/execute.cc:760] Executing op Reshape in device /job:localhost/replica:0/task:0/device:MUSA:0
2026-02-07 07:14:36.421809: I tensorflow/core/common_runtime/eager/execute.cc:760] Executing op Neg in device /job:localhost/replica:0/task:0/device:MUSA:0
2026-02-07 07:14:36.422406: I tensorflow/core/common_runtime/eager/execute.cc:760] Executing op Mul in device /job:localhost/replica:0/task:0/device:MUSA:0
2026-02-07 07:14:36.422442: I tensorflow/core/common_runtime/eager/execute.cc:760] Executing op Mul in device /job:localhost/replica:0/task:0/device:MUSA:0
2026-02-07 07:14:36.422541: I tensorflow/core/common_runtime/eager/execute.cc:760] Executing op Shape in device /job:localhost/replica:0/task:0/device:MUSA:0
2026-02-07 07:14:36.422556: I tensorflow/core/common_runtime/eager/execute.cc:760] Executing op Reshape in device /job:localhost/replica:0/task:0/device:MUSA:0
2026-02-07 07:14:36.422691: I tensorflow/core/common_runtime/eager/execute.cc:760] Executing op AddN in device /job:localhost/replica:0/task:0/device:MUSA:0
>>> [MUSA_TRACE_AUTO] AddN
2026-02-07 07:14:36.422886: I tensorflow/core/common_runtime/eager/execute.cc:760] Executing op Mul in device /job:localhost/replica:0/task:0/device:MUSA:0
2026-02-07 07:14:36.422909: I tensorflow/core/common_runtime/eager/execute.cc:760] Executing op Mul in device /job:localhost/replica:0/task:0/device:MUSA:0
2026-02-07 07:14:36.423013: I tensorflow/core/common_runtime/eager/execute.cc:760] Executing op RsqrtGrad in device /job:localhost/replica:0/task:0/device:MUSA:0
2026-02-07 07:14:36.423239: I tensorflow/core/common_runtime/eager/execute.cc:760] Executing op Shape in device /job:localhost/replica:0/task:0/device:MUSA:0
2026-02-07 07:14:36.423255: I tensorflow/core/common_runtime/eager/execute.cc:760] Executing op Reshape in device /job:localhost/replica:0/task:0/device:MUSA:0
2026-02-07 07:14:36.423375: I tensorflow/core/common_runtime/eager/execute.cc:760] Executing op Shape in device /job:localhost/replica:0/task:0/device:MUSA:0
2026-02-07 07:14:36.423456: I tensorflow/core/common_runtime/eager/execute.cc:760] Executing op BroadcastTo in device /job:localhost/replica:0/task:0/device:MUSA:0
2026-02-07 07:14:36.423875: I tensorflow/core/common_runtime/eager/execute.cc:760] Executing op RealDiv in device /job:localhost/replica:0/task:0/device:MUSA:0
2026-02-07 07:14:36.424038: I tensorflow/core/common_runtime/eager/execute.cc:760] Executing op Mul in device /job:localhost/replica:0/task:0/device:MUSA:0
2026-02-07 07:14:36.424072: I tensorflow/core/common_runtime/eager/execute.cc:760] Executing op Sub in device /job:localhost/replica:0/task:0/device:MUSA:0
2026-02-07 07:14:36.424104: I tensorflow/core/common_runtime/eager/execute.cc:760] Executing op Mul in device /job:localhost/replica:0/task:0/device:MUSA:0
2026-02-07 07:14:36.424198: I tensorflow/core/common_runtime/eager/execute.cc:760] Executing op Shape in device /job:localhost/replica:0/task:0/device:MUSA:0
2026-02-07 07:14:36.424214: I tensorflow/core/common_runtime/eager/execute.cc:760] Executing op Shape in device /job:localhost/replica:0/task:0/device:MUSA:0
2026-02-07 07:14:36.424228: I tensorflow/core/common_runtime/eager/execute.cc:760] Executing op BroadcastGradientArgs in device /job:localhost/replica:0/task:0/device:MUSA:0
2026-02-07 07:14:36.424254: I tensorflow/core/common_runtime/eager/execute.cc:760] Executing op Sum in device /job:localhost/replica:0/task:0/device:MUSA:0
2026-02-07 07:14:36.424276: I tensorflow/core/common_runtime/eager/execute.cc:760] Executing op Reshape in device /job:localhost/replica:0/task:0/device:MUSA:0
2026-02-07 07:14:36.424329: I tensorflow/core/common_runtime/eager/execute.cc:760] Executing op Sum in device /job:localhost/replica:0/task:0/device:MUSA:0
2026-02-07 07:14:36.424357: I tensorflow/core/common_runtime/eager/execute.cc:760] Executing op Reshape in device /job:localhost/replica:0/task:0/device:MUSA:0
2026-02-07 07:14:36.424413: I tensorflow/core/common_runtime/eager/execute.cc:760] Executing op Neg in device /job:localhost/replica:0/task:0/device:MUSA:0
2026-02-07 07:14:36.424534: I tensorflow/core/common_runtime/eager/execute.cc:760] Executing op Shape in device /job:localhost/replica:0/task:0/device:MUSA:0
2026-02-07 07:14:36.424556: I tensorflow/core/common_runtime/eager/execute.cc:760] Executing op BroadcastTo in device /job:localhost/replica:0/task:0/device:MUSA:0
2026-02-07 07:14:36.424720: I tensorflow/core/common_runtime/eager/execute.cc:760] Executing op RealDiv in device /job:localhost/replica:0/task:0/device:MUSA:0
2026-02-07 07:14:36.424846: I tensorflow/core/common_runtime/eager/execute.cc:760] Executing op AddN in device /job:localhost/replica:0/task:0/device:MUSA:0
>>> [MUSA_TRACE_AUTO] AddN
2026-02-07 07:14:36.424967: I tensorflow/core/common_runtime/eager/execute.cc:760] Executing op BiasAddGrad in device /job:localhost/replica:0/task:0/device:MUSA:0
2026-02-07 07:14:36.425040: I tensorflow/core/common_runtime/eager/execute.cc:760] Executing op MatMul in device /job:localhost/replica:0/task:0/device:MUSA:0
2026-02-07 07:14:36.425215: I tensorflow/core/common_runtime/eager/execute.cc:760] Executing op MatMul in device /job:localhost/replica:0/task:0/device:MUSA:0
2026-02-07 07:14:38.615304: I tensorflow/core/common_runtime/eager/execute.cc:760] Executing op Mul in device /job:localhost/replica:0/task:0/device:MUSA:0
2026-02-07 07:14:38.615388: I tensorflow/core/common_runtime/eager/execute.cc:760] Executing op Mul in device /job:localhost/replica:0/task:0/device:MUSA:0
2026-02-07 07:14:38.615474: I tensorflow/core/common_runtime/eager/execute.cc:760] Executing op Mul in device /job:localhost/replica:0/task:0/device:MUSA:0
2026-02-07 07:14:38.615562: I tensorflow/core/common_runtime/eager/execute.cc:760] Executing op Mul in device /job:localhost/replica:0/task:0/device:MUSA:0
2026-02-07 07:14:38.615581: I tensorflow/core/common_runtime/eager/execute.cc:760] Executing op Mul in device /job:localhost/replica:0/task:0/device:MUSA:0
2026-02-07 07:14:38.615671: I tensorflow/core/common_runtime/eager/execute.cc:760] Executing op Shape in device /job:localhost/replica:0/task:0/device:MUSA:0
2026-02-07 07:14:38.615690: I tensorflow/core/common_runtime/eager/execute.cc:760] Executing op Shape in device /job:localhost/replica:0/task:0/device:MUSA:0
2026-02-07 07:14:38.615705: I tensorflow/core/common_runtime/eager/execute.cc:760] Executing op BroadcastGradientArgs in device /job:localhost/replica:0/task:0/device:MUSA:0
2026-02-07 07:14:38.615736: I tensorflow/core/common_runtime/eager/execute.cc:760] Executing op Mul in device /job:localhost/replica:0/task:0/device:MUSA:0
2026-02-07 07:14:38.615772: I tensorflow/core/common_runtime/eager/execute.cc:760] Executing op Sum in device /job:localhost/replica:0/task:0/device:MUSA:0
2026-02-07 07:14:38.615830: I tensorflow/core/common_runtime/eager/execute.cc:760] Executing op Reshape in device /job:localhost/replica:0/task:0/device:MUSA:0
2026-02-07 07:14:38.615921: I tensorflow/core/common_runtime/eager/execute.cc:760] Executing op Shape in device /job:localhost/replica:0/task:0/device:MUSA:0
2026-02-07 07:14:38.615937: I tensorflow/core/common_runtime/eager/execute.cc:760] Executing op Shape in device /job:localhost/replica:0/task:0/device:MUSA:0
2026-02-07 07:14:38.615948: I tensorflow/core/common_runtime/eager/execute.cc:760] Executing op BroadcastGradientArgs in device /job:localhost/replica:0/task:0/device:MUSA:0
2026-02-07 07:14:38.615963: I tensorflow/core/common_runtime/eager/execute.cc:760] Executing op Sum in device /job:localhost/replica:0/task:0/device:MUSA:0
2026-02-07 07:14:38.615982: I tensorflow/core/common_runtime/eager/execute.cc:760] Executing op Reshape in device /job:localhost/replica:0/task:0/device:MUSA:0
2026-02-07 07:14:38.616160: I tensorflow/core/common_runtime/eager/execute.cc:760] Executing op Mul in device /job:localhost/replica:0/task:0/device:MUSA:0
2026-02-07 07:14:38.616191: I tensorflow/core/common_runtime/eager/execute.cc:760] Executing op Square in device /job:localhost/replica:0/task:0/device:MUSA:0
2026-02-07 07:14:38.616213: I tensorflow/core/common_runtime/eager/execute.cc:760] Executing op Neg in device /job:localhost/replica:0/task:0/device:MUSA:0
2026-02-07 07:14:38.616331: I tensorflow/core/common_runtime/eager/execute.cc:760] Executing op Exp in device /job:localhost/replica:0/task:0/device:MUSA:0
>>> [MUSA_TRACE_AUTO] Exp
2026-02-07 07:14:38.616538: I tensorflow/core/common_runtime/eager/execute.cc:760] Executing op Mul in device /job:localhost/replica:0/task:0/device:MUSA:0
2026-02-07 07:14:38.616640: I tensorflow/core/common_runtime/eager/execute.cc:760] Executing op Shape in device /job:localhost/replica:0/task:0/device:MUSA:0
2026-02-07 07:14:38.616657: I tensorflow/core/common_runtime/eager/execute.cc:760] Executing op Shape in device /job:localhost/replica:0/task:0/device:MUSA:0
2026-02-07 07:14:38.616668: I tensorflow/core/common_runtime/eager/execute.cc:760] Executing op BroadcastGradientArgs in device /job:localhost/replica:0/task:0/device:MUSA:0
2026-02-07 07:14:38.616688: I tensorflow/core/common_runtime/eager/execute.cc:760] Executing op RealDiv in device /job:localhost/replica:0/task:0/device:MUSA:0
2026-02-07 07:14:38.616712: I tensorflow/core/common_runtime/eager/execute.cc:760] Executing op Sum in device /job:localhost/replica:0/task:0/device:MUSA:0
2026-02-07 07:14:38.616762: I tensorflow/core/common_runtime/eager/execute.cc:760] Executing op Reshape in device /job:localhost/replica:0/task:0/device:MUSA:0
2026-02-07 07:14:38.616832: I tensorflow/core/common_runtime/eager/execute.cc:760] Executing op Neg in device /job:localhost/replica:0/task:0/device:MUSA:0
2026-02-07 07:14:38.616850: I tensorflow/core/common_runtime/eager/execute.cc:760] Executing op RealDiv in device /job:localhost/replica:0/task:0/device:MUSA:0
2026-02-07 07:14:38.616914: I tensorflow/core/common_runtime/eager/execute.cc:760] Executing op RealDiv in device /job:localhost/replica:0/task:0/device:MUSA:0
2026-02-07 07:14:38.616993: I tensorflow/core/common_runtime/eager/execute.cc:760] Executing op Mul in device /job:localhost/replica:0/task:0/device:MUSA:0
2026-02-07 07:14:38.617067: I tensorflow/core/common_runtime/eager/execute.cc:760] Executing op Sum in device /job:localhost/replica:0/task:0/device:MUSA:0
2026-02-07 07:14:38.617263: I tensorflow/core/common_runtime/eager/execute.cc:760] Executing op Reshape in device /job:localhost/replica:0/task:0/device:MUSA:0
2026-02-07 07:14:38.617364: I tensorflow/core/common_runtime/eager/execute.cc:760] Executing op AddN in device /job:localhost/replica:0/task:0/device:MUSA:0
>>> [MUSA_TRACE_AUTO] AddN
2026-02-07 07:14:38.617457: I tensorflow/core/common_runtime/eager/execute.cc:760] Executing op Shape in device /job:localhost/replica:0/task:0/device:MUSA:0
2026-02-07 07:14:38.617474: I tensorflow/core/common_runtime/eager/execute.cc:760] Executing op Shape in device /job:localhost/replica:0/task:0/device:MUSA:0
2026-02-07 07:14:38.617485: I tensorflow/core/common_runtime/eager/execute.cc:760] Executing op BroadcastGradientArgs in device /job:localhost/replica:0/task:0/device:MUSA:0
2026-02-07 07:14:38.617503: I tensorflow/core/common_runtime/eager/execute.cc:760] Executing op Sum in device /job:localhost/replica:0/task:0/device:MUSA:0
2026-02-07 07:14:38.617521: I tensorflow/core/common_runtime/eager/execute.cc:760] Executing op Reshape in device /job:localhost/replica:0/task:0/device:MUSA:0
2026-02-07 07:14:38.617572: I tensorflow/core/common_runtime/eager/execute.cc:760] Executing op Sum in device /job:localhost/replica:0/task:0/device:MUSA:0
2026-02-07 07:14:38.617598: I tensorflow/core/common_runtime/eager/execute.cc:760] Executing op Reshape in device /job:localhost/replica:0/task:0/device:MUSA:0
2026-02-07 07:14:38.617689: I tensorflow/core/common_runtime/eager/execute.cc:760] Executing op Shape in device /job:localhost/replica:0/task:0/device:MUSA:0
2026-02-07 07:14:38.617705: I tensorflow/core/common_runtime/eager/execute.cc:760] Executing op Shape in device /job:localhost/replica:0/task:0/device:MUSA:0
2026-02-07 07:14:38.617715: I tensorflow/core/common_runtime/eager/execute.cc:760] Executing op BroadcastGradientArgs in device /job:localhost/replica:0/task:0/device:MUSA:0
2026-02-07 07:14:38.617731: I tensorflow/core/common_runtime/eager/execute.cc:760] Executing op Mul in device /job:localhost/replica:0/task:0/device:MUSA:0
2026-02-07 07:14:38.617766: I tensorflow/core/common_runtime/eager/execute.cc:760] Executing op Sum in device /job:localhost/replica:0/task:0/device:MUSA:0
2026-02-07 07:14:38.617814: I tensorflow/core/common_runtime/eager/execute.cc:760] Executing op Reshape in device /job:localhost/replica:0/task:0/device:MUSA:0
2026-02-07 07:14:38.617884: I tensorflow/core/common_runtime/eager/execute.cc:760] Executing op Mul in device /job:localhost/replica:0/task:0/device:MUSA:0
2026-02-07 07:14:38.617908: I tensorflow/core/common_runtime/eager/execute.cc:760] Executing op Sum in device /job:localhost/replica:0/task:0/device:MUSA:0
2026-02-07 07:14:38.617967: I tensorflow/core/common_runtime/eager/execute.cc:760] Executing op Reshape in device /job:localhost/replica:0/task:0/device:MUSA:0
2026-02-07 07:14:38.618054: I tensorflow/core/common_runtime/eager/execute.cc:760] Executing op Neg in device /job:localhost/replica:0/task:0/device:MUSA:0
2026-02-07 07:14:38.618134: I tensorflow/core/common_runtime/eager/execute.cc:760] Executing op Mul in device /job:localhost/replica:0/task:0/device:MUSA:0
2026-02-07 07:14:38.618154: I tensorflow/core/common_runtime/eager/execute.cc:760] Executing op Mul in device /job:localhost/replica:0/task:0/device:MUSA:0
2026-02-07 07:14:38.618224: I tensorflow/core/common_runtime/eager/execute.cc:760] Executing op Shape in device /job:localhost/replica:0/task:0/device:MUSA:0
2026-02-07 07:14:38.618237: I tensorflow/core/common_runtime/eager/execute.cc:760] Executing op Reshape in device /job:localhost/replica:0/task:0/device:MUSA:0
2026-02-07 07:14:38.618308: I tensorflow/core/common_runtime/eager/execute.cc:760] Executing op AddN in device /job:localhost/replica:0/task:0/device:MUSA:0
>>> [MUSA_TRACE_AUTO] AddN
2026-02-07 07:14:38.618387: I tensorflow/core/common_runtime/eager/execute.cc:760] Executing op Mul in device /job:localhost/replica:0/task:0/device:MUSA:0
2026-02-07 07:14:38.618405: I tensorflow/core/common_runtime/eager/execute.cc:760] Executing op Mul in device /job:localhost/replica:0/task:0/device:MUSA:0
2026-02-07 07:14:38.618467: I tensorflow/core/common_runtime/eager/execute.cc:760] Executing op RsqrtGrad in device /job:localhost/replica:0/task:0/device:MUSA:0
2026-02-07 07:14:38.618573: I tensorflow/core/common_runtime/eager/execute.cc:760] Executing op Shape in device /job:localhost/replica:0/task:0/device:MUSA:0
2026-02-07 07:14:38.618586: I tensorflow/core/common_runtime/eager/execute.cc:760] Executing op Reshape in device /job:localhost/replica:0/task:0/device:MUSA:0
2026-02-07 07:14:38.618690: I tensorflow/core/common_runtime/eager/execute.cc:760] Executing op Shape in device /job:localhost/replica:0/task:0/device:MUSA:0
2026-02-07 07:14:38.618716: I tensorflow/core/common_runtime/eager/execute.cc:760] Executing op BroadcastTo in device /job:localhost/replica:0/task:0/device:MUSA:0
2026-02-07 07:14:38.618910: I tensorflow/core/common_runtime/eager/execute.cc:760] Executing op RealDiv in device /job:localhost/replica:0/task:0/device:MUSA:0
2026-02-07 07:14:38.619039: I tensorflow/core/common_runtime/eager/execute.cc:760] Executing op Mul in device /job:localhost/replica:0/task:0/device:MUSA:0
2026-02-07 07:14:38.619069: I tensorflow/core/common_runtime/eager/execute.cc:760] Executing op Sub in device /job:localhost/replica:0/task:0/device:MUSA:0
2026-02-07 07:14:38.619098: I tensorflow/core/common_runtime/eager/execute.cc:760] Executing op Mul in device /job:localhost/replica:0/task:0/device:MUSA:0
2026-02-07 07:14:38.619160: I tensorflow/core/common_runtime/eager/execute.cc:760] Executing op Shape in device /job:localhost/replica:0/task:0/device:MUSA:0
2026-02-07 07:14:38.619176: I tensorflow/core/common_runtime/eager/execute.cc:760] Executing op Shape in device /job:localhost/replica:0/task:0/device:MUSA:0
2026-02-07 07:14:38.619188: I tensorflow/core/common_runtime/eager/execute.cc:760] Executing op BroadcastGradientArgs in device /job:localhost/replica:0/task:0/device:MUSA:0
2026-02-07 07:14:38.619207: I tensorflow/core/common_runtime/eager/execute.cc:760] Executing op Sum in device /job:localhost/replica:0/task:0/device:MUSA:0
2026-02-07 07:14:38.619226: I tensorflow/core/common_runtime/eager/execute.cc:760] Executing op Reshape in device /job:localhost/replica:0/task:0/device:MUSA:0
2026-02-07 07:14:38.619289: I tensorflow/core/common_runtime/eager/execute.cc:760] Executing op Sum in device /job:localhost/replica:0/task:0/device:MUSA:0
2026-02-07 07:14:38.619315: I tensorflow/core/common_runtime/eager/execute.cc:760] Executing op Reshape in device /job:localhost/replica:0/task:0/device:MUSA:0
2026-02-07 07:14:38.619368: I tensorflow/core/common_runtime/eager/execute.cc:760] Executing op Neg in device /job:localhost/replica:0/task:0/device:MUSA:0
2026-02-07 07:14:38.619479: I tensorflow/core/common_runtime/eager/execute.cc:760] Executing op Shape in device /job:localhost/replica:0/task:0/device:MUSA:0
2026-02-07 07:14:38.619499: I tensorflow/core/common_runtime/eager/execute.cc:760] Executing op BroadcastTo in device /job:localhost/replica:0/task:0/device:MUSA:0
2026-02-07 07:14:38.619655: I tensorflow/core/common_runtime/eager/execute.cc:760] Executing op RealDiv in device /job:localhost/replica:0/task:0/device:MUSA:0
2026-02-07 07:14:38.619744: I tensorflow/core/common_runtime/eager/execute.cc:760] Executing op AddN in device /job:localhost/replica:0/task:0/device:MUSA:0
>>> [MUSA_TRACE_AUTO] AddN
2026-02-07 07:14:38.619847: I tensorflow/core/common_runtime/eager/execute.cc:760] Executing op BiasAddGrad in device /job:localhost/replica:0/task:0/device:MUSA:0
2026-02-07 07:14:38.619897: I tensorflow/core/common_runtime/eager/execute.cc:760] Executing op MatMul in device /job:localhost/replica:0/task:0/device:MUSA:0
2026-02-07 07:14:38.620361: I tensorflow/core/common_runtime/eager/execute.cc:760] Executing op DestroyResourceOp in device /job:localhost/replica:0/task:0/device:MUSA:0
2026-02-07 07:14:38.620423: I tensorflow/core/common_runtime/eager/execute.cc:760] Executing op DestroyResourceOp in device /job:localhost/replica:0/task:0/device:MUSA:0
2026-02-07 07:14:38.620452: I tensorflow/core/common_runtime/eager/execute.cc:760] Executing op DestroyResourceOp in device /job:localhost/replica:0/task:0/device:MUSA:0
>>>> SUCCESS: MUSA plugin loaded. <<<<
  GELU  MLP ...

[ 1] ...
   : (8, 128)
   : (8, 1)
    

[ 2]  GELU ...
   GELU(0): 0.0000
   GELU(10): 10.0000
    GELU 

[ 3] ...
     10 

========================================
  MLP 
========================================
